Log file open, 04/17/20 19:00:47
LogWindows: Failed to load 'aqProf.dll' (GetLastError=126)
LogWindows: File 'aqProf.dll' does not exist
LogWindows: Failed to load 'VtuneApi.dll' (GetLastError=126)
LogWindows: File 'VtuneApi.dll' does not exist
LogWindows: Failed to load 'VtuneApi32e.dll' (GetLastError=126)
LogWindows: File 'VtuneApi32e.dll' does not exist
LogConsoleResponse: Display: Failed to find resolution value strings in scalability ini. Falling back to default.
LogInit: Display: Running engine for game: RPG_LevelDesign
LogPakFile: Registered encryption key '00000000000000000000000000000000': 0 pak files mounted, 0 remain pending
LogPlatformFile: Not using cached read wrapper
LogTaskGraph: Started task graph with 5 named threads and 23 total threads with 3 sets of task threads.
LogStats: Stats thread started at 2.545091
LogD3D11RHI: Loaded GFSDK_Aftermath_Lib.x64.dll
LogICUInternationalization: ICU TimeZone Detection - Raw Offset: +0:00, Platform Override: ''
LogPluginManager: Mounting plugin Paper2D
LogPluginManager: Mounting plugin AISupport
LogPluginManager: Mounting plugin LightPropagationVolume
LogPluginManager: Mounting plugin ActorLayerUtilities
LogPluginManager: Mounting plugin AnimationSharing
LogPluginManager: Mounting plugin CLionSourceCodeAccess
LogPluginManager: Mounting plugin CodeLiteSourceCodeAccess
LogPluginManager: Mounting plugin GitSourceControl
LogPluginManager: Mounting plugin KDevelopSourceCodeAccess
LogPluginManager: Mounting plugin NullSourceCodeAccess
LogPluginManager: Mounting plugin PerforceSourceControl
LogPluginManager: Mounting plugin SubversionSourceControl
LogPluginManager: Mounting plugin UObjectPlugin
LogPluginManager: Mounting plugin VisualStudioCodeSourceCodeAccess
LogPluginManager: Mounting plugin VisualStudioSourceCodeAccess
LogPluginManager: Mounting plugin XCodeSourceCodeAccess
LogPluginManager: Mounting plugin AssetManagerEditor
LogPluginManager: Mounting plugin CryptoKeys
LogPluginManager: Mounting plugin DataValidation
LogPluginManager: Mounting plugin FacialAnimation
LogPluginManager: Mounting plugin GameplayTagsEditor
LogPluginManager: Mounting plugin MacGraphicsSwitching
LogPluginManager: Mounting plugin MaterialAnalyzer
LogPluginManager: Mounting plugin MobileLauncherProfileWizard
LogPluginManager: Mounting plugin PluginBrowser
LogPluginManager: Mounting plugin SpeedTreeImporter
LogPluginManager: Mounting plugin DatasmithContent
LogPluginManager: Mounting plugin VariantManagerContent
LogPluginManager: Mounting plugin AlembicImporter
LogPluginManager: Mounting plugin AppleImageUtils
LogPluginManager: Mounting plugin AppleVision
LogPluginManager: Mounting plugin BackChannel
LogPluginManager: Mounting plugin CharacterAI
LogPluginManager: Mounting plugin GeometryCache
LogPluginManager: Mounting plugin HTML5Networking
LogPluginManager: Mounting plugin ProxyLODPlugin
LogPluginManager: Mounting plugin SkeletalReduction
LogPluginManager: Mounting plugin MagicLeap
LogPluginManager: Mounting plugin MagicLeapMedia
LogPluginManager: Mounting plugin AndroidMedia
LogPluginManager: Mounting plugin AvfMedia
LogPluginManager: Mounting plugin ImgMedia
LogPluginManager: Mounting plugin LinearTimecode
LogPluginManager: Mounting plugin MediaCompositing
LogPluginManager: Mounting plugin MediaPlayerEditor
LogPluginManager: Mounting plugin WebMMedia
LogPluginManager: Mounting plugin WmfMedia
LogPluginManager: Mounting plugin TcpMessaging
LogPluginManager: Mounting plugin UdpMessaging
LogPluginManager: Mounting plugin ActorSequence
LogPluginManager: Mounting plugin LevelSequenceEditor
LogPluginManager: Mounting plugin MatineeToLevelSequence
LogPluginManager: Mounting plugin NetcodeUnitTest
LogPluginManager: Mounting plugin NUTUnrealEngine4
LogPluginManager: Mounting plugin OnlineSubsystemGooglePlay
LogPluginManager: Mounting plugin OnlineSubsystemIOS
LogPluginManager: Mounting plugin OnlineSubsystem
LogPluginManager: Mounting plugin OnlineSubsystemNull
LogPluginManager: Mounting plugin OnlineSubsystemUtils
LogPluginManager: Mounting plugin LauncherChunkInstaller
LogPluginManager: Mounting plugin AndroidDeviceProfileSelector
LogPluginManager: Mounting plugin AndroidMoviePlayer
LogPluginManager: Mounting plugin AndroidPermission
LogPluginManager: Mounting plugin AppleMoviePlayer
LogPluginManager: Mounting plugin ArchVisCharacter
LogPluginManager: Mounting plugin AudioCapture
LogPluginManager: Mounting plugin CableComponent
LogPluginManager: Mounting plugin CustomMeshComponent
LogPluginManager: Mounting plugin EditableMesh
LogPluginManager: Mounting plugin ExampleDeviceProfileSelector
LogPluginManager: Mounting plugin Firebase
LogPluginManager: Mounting plugin GoogleCloudMessaging
LogPluginManager: Mounting plugin IOSDeviceProfileSelector
LogPluginManager: Mounting plugin LinuxDeviceProfileSelector
LogPluginManager: Mounting plugin LocationServicesBPLibrary
LogPluginManager: Mounting plugin MobilePatchingUtils
LogPluginManager: Mounting plugin OculusVR
LogPluginManager: Mounting plugin PhysXVehicles
LogPluginManager: Mounting plugin ProceduralMeshComponent
LogPluginManager: Mounting plugin RuntimePhysXCooking
LogPluginManager: Mounting plugin SignificanceManager
LogPluginManager: Mounting plugin SteamVR
LogPluginManager: Mounting plugin WebMMoviePlayer
LogPluginManager: Mounting plugin WindowsMoviePlayer
LogInit: Using libcurl 7.55.1-DEV
LogInit:  - built for x86_64-pc-win32
LogInit:  - supports SSL with OpenSSL/1.1.1
LogInit:  - supports HTTP deflate (compression) using libz 1.2.8
LogInit:  - other features:
LogInit:      CURL_VERSION_SSL
LogInit:      CURL_VERSION_LIBZ
LogInit:      CURL_VERSION_IPV6
LogInit:      CURL_VERSION_ASYNCHDNS
LogInit:      CURL_VERSION_LARGEFILE
LogInit:      CURL_VERSION_IDN
LogInit:  CurlRequestOptions (configurable via config and command line):
LogInit:  - bVerifyPeer = true  - Libcurl will verify peer certificate
LogInit:  - bUseHttpProxy = false  - Libcurl will NOT use HTTP proxy
LogInit:  - bDontReuseConnections = false  - Libcurl will reuse connections
LogInit:  - MaxHostConnections = 16  - Libcurl will limit the number of connections to a host
LogInit:  - LocalHostAddr = Default
LogInit:  - BufferSize = 65536
LogInit: WinSock: version 1.1 (2.2), MaxSocks=32767, MaxUdp=65467
LogInit: Build: ++UE4+Release-4.22-CL-7053642
LogInit: Engine Version: 4.22.3-7053642+++UE4+Release-4.22
LogInit: Compatible Engine Version: 4.22.0-5660361+++UE4+Release-4.22
LogInit: Net CL: 5660361
LogInit: OS: Windows 10 (Release 1903) (), CPU: Intel(R) Core(TM) i7-4790K CPU @ 4.00GHz, GPU: NVIDIA GeForce RTX 2060
LogInit: Compiled (64-bit): Jun 18 2019 03:09:11
LogInit: Compiled with Visual C++: 19.16.27025.01
LogInit: Build Configuration: Development
LogInit: Branch Name: ++UE4+Release-4.22
LogInit: Command Line: 
LogInit: Base Directory: D:/Epic Games/Unreal/UE_4.22/Engine/Binaries/Win64/
LogInit: Installed Engine Build: 1
LogDevObjectVersion: Number of dev versions registered: 23
LogDevObjectVersion:   Dev-Blueprints (B0D832E4-1F89-4F0D-ACCF-7EB736FD4AA2): 10
LogDevObjectVersion:   Dev-Build (E1C64328-A22C-4D53-A36C-8E866417BD8C): 0
LogDevObjectVersion:   Dev-Core (375EC13C-06E4-48FB-B500-84F0262A717E): 3
LogDevObjectVersion:   Dev-Editor (E4B068ED-F494-42E9-A231-DA0B2E46BB41): 30
LogDevObjectVersion:   Dev-Framework (CFFC743F-43B0-4480-9391-14DF171D2073): 35
LogDevObjectVersion:   Dev-Mobile (B02B49B5-BB20-44E9-A304-32B752E40360): 2
LogDevObjectVersion:   Dev-Networking (A4E4105C-59A1-49B5-A7C5-40C4547EDFEE): 0
LogDevObjectVersion:   Dev-Online (39C831C9-5AE6-47DC-9A44-9C173E1C8E7C): 0
LogDevObjectVersion:   Dev-Physics (78F01B33-EBEA-4F98-B9B4-84EACCB95AA2): 0
LogDevObjectVersion:   Dev-Platform (6631380F-2D4D-43E0-8009-CF276956A95A): 0
LogDevObjectVersion:   Dev-Rendering (12F88B9F-8875-4AFC-A67C-D90C383ABD29): 28
LogDevObjectVersion:   Dev-Sequencer (7B5AE74C-D270-4C10-A958-57980B212A5A): 11
LogDevObjectVersion:   Dev-VR (D7296918-1DD6-4BDD-9DE2-64A83CC13884): 2
LogDevObjectVersion:   Dev-LoadTimes (C2A15278-BFE7-4AFE-6C17-90FF531DF755): 1
LogDevObjectVersion:   Private-Geometry (6EACA3D4-40EC-4CC1-B786-8BED09428FC5): 3
LogDevObjectVersion:   Dev-AnimPhys (29E575DD-E0A3-4627-9D10-D276232CDCEA): 17
LogDevObjectVersion:   Dev-Anim (AF43A65D-7FD3-4947-9873-3E8ED9C1BB05): 2
LogDevObjectVersion:   Dev-ReflectionCapture (6B266CEC-1EC7-4B8F-A30B-E4D90942FC07): 1
LogDevObjectVersion:   Dev-Automation (0DF73D61-A23F-47EA-B727-89E90C41499A): 1
LogDevObjectVersion:   FortniteMain (601D1886-AC64-4F84-AA16-D3DE0DEAC7D6): 25
LogDevObjectVersion:   Dev-Enterprise (9DFFBCD6-494F-0158-E221-12823C92A888): 6
LogDevObjectVersion:   Dev-Niagara (F2AED0AC-9AFE-416F-8664-AA7FFA26D6FC): 1
LogDevObjectVersion:   Dev-Destruction (174F1F0B-B4C6-45A5-B13F-2EE8D0FB917D): 2
LogInit: Presizing for max 16777216 objects, including 0 objects not considered by GC, pre-allocating 0 bytes for permanent pool.
LogInit: Object subsystem initialized
LogConfig: Setting CVar [[con.DebugEarlyDefault:1]]
LogConfig: Setting CVar [[r.setres:1280x720]]
[2020.04.17-18.00.52:974][  0]LogConfig: Setting CVar [[r.VSync:0]]
[2020.04.17-18.00.52:974][  0]LogConfig: Setting CVar [[r.RHICmdBypass:0]]
[2020.04.17-18.00.52:974][  0]LogConfig: Applying CVar settings from Section [/Script/Engine.RendererSettings] File [G:/GAM140-3DLevelDesign/RPG_LevelDesign/Saved/Config/Windows/Engine.ini]
[2020.04.17-18.00.52:974][  0]LogConfig: Setting CVar [[r.GPUCrashDebugging:0]]
[2020.04.17-18.00.52:974][  0]LogConfig: Applying CVar settings from Section [/Script/Engine.RendererOverrideSettings] File [G:/GAM140-3DLevelDesign/RPG_LevelDesign/Saved/Config/Windows/Engine.ini]
[2020.04.17-18.00.52:974][  0]LogConfig: Applying CVar settings from Section [/Script/Engine.StreamingSettings] File [G:/GAM140-3DLevelDesign/RPG_LevelDesign/Saved/Config/Windows/Engine.ini]
[2020.04.17-18.00.52:974][  0]LogConfig: Setting CVar [[s.MinBulkDataSizeForAsyncLoading:131072]]
[2020.04.17-18.00.52:974][  0]LogConfig: Setting CVar [[s.AsyncLoadingThreadEnabled:0]]
[2020.04.17-18.00.52:974][  0]LogConfig: Setting CVar [[s.EventDrivenLoaderEnabled:1]]
[2020.04.17-18.00.52:974][  0]LogConfig: Setting CVar [[s.WarnIfTimeLimitExceeded:0]]
[2020.04.17-18.00.52:974][  0]LogConfig: Setting CVar [[s.TimeLimitExceededMultiplier:1.5]]
[2020.04.17-18.00.52:974][  0]LogConfig: Setting CVar [[s.TimeLimitExceededMinTime:0.005]]
[2020.04.17-18.00.52:974][  0]LogConfig: Setting CVar [[s.UseBackgroundLevelStreaming:1]]
[2020.04.17-18.00.52:974][  0]LogConfig: Setting CVar [[s.PriorityAsyncLoadingExtraTime:15.0]]
[2020.04.17-18.00.52:974][  0]LogConfig: Setting CVar [[s.LevelStreamingActorsUpdateTimeLimit:5.0]]
[2020.04.17-18.00.52:974][  0]LogConfig: Setting CVar [[s.PriorityLevelStreamingActorsUpdateExtraTime:5.0]]
[2020.04.17-18.00.52:974][  0]LogConfig: Setting CVar [[s.LevelStreamingComponentsRegistrationGranularity:10]]
[2020.04.17-18.00.52:974][  0]LogConfig: Setting CVar [[s.UnregisterComponentsTimeLimit:1.0]]
[2020.04.17-18.00.52:974][  0]LogConfig: Setting CVar [[s.LevelStreamingComponentsUnregistrationGranularity:5]]
[2020.04.17-18.00.52:974][  0]LogConfig: Applying CVar settings from Section [/Script/Engine.GarbageCollectionSettings] File [G:/GAM140-3DLevelDesign/RPG_LevelDesign/Saved/Config/Windows/Engine.ini]
[2020.04.17-18.00.52:974][  0]LogConfig: Setting CVar [[gc.MaxObjectsNotConsideredByGC:1]]
[2020.04.17-18.00.52:974][  0]LogConfig: Setting CVar [[gc.SizeOfPermanentObjectPool:0]]
[2020.04.17-18.00.52:974][  0]LogConfig: Setting CVar [[gc.FlushStreamingOnGC:0]]
[2020.04.17-18.00.52:974][  0]LogConfig: Setting CVar [[gc.NumRetriesBeforeForcingGC:10]]
[2020.04.17-18.00.52:974][  0]LogConfig: Setting CVar [[gc.AllowParallelGC:1]]
[2020.04.17-18.00.52:974][  0]LogConfig: Setting CVar [[gc.TimeBetweenPurgingPendingKillObjects:61.1]]
[2020.04.17-18.00.52:974][  0]LogConfig: Setting CVar [[gc.MaxObjectsInEditor:16777216]]
[2020.04.17-18.00.52:974][  0]LogConfig: Setting CVar [[gc.IncrementalBeginDestroyEnabled:1]]
[2020.04.17-18.00.52:974][  0]LogConfig: Setting CVar [[gc.CreateGCClusters:1]]
[2020.04.17-18.00.52:974][  0]LogConfig: Setting CVar [[gc.MinGCClusterSize:5]]
[2020.04.17-18.00.52:974][  0]LogConfig: Setting CVar [[gc.ActorClusteringEnabled:0]]
[2020.04.17-18.00.52:974][  0]LogConfig: Setting CVar [[gc.BlueprintClusteringEnabled:0]]
[2020.04.17-18.00.52:974][  0]LogConfig: Setting CVar [[gc.UseDisregardForGCOnDedicatedServers:0]]
[2020.04.17-18.00.52:974][  0]LogConfig: Applying CVar settings from Section [/Script/Engine.NetworkSettings] File [G:/GAM140-3DLevelDesign/RPG_LevelDesign/Saved/Config/Windows/Engine.ini]
[2020.04.17-18.00.52:974][  0]LogConfig: Applying CVar settings from Section [/Script/UnrealEd.CookerSettings] File [G:/GAM140-3DLevelDesign/RPG_LevelDesign/Saved/Config/Windows/Engine.ini]
[2020.04.17-18.00.53:052][  0]LogConfig: Applying CVar settings from Section [ViewDistanceQuality@3] File [G:/GAM140-3DLevelDesign/RPG_LevelDesign/Saved/Config/Windows/Scalability.ini]
[2020.04.17-18.00.53:052][  0]LogConfig: Setting CVar [[r.SkeletalMeshLODBias:0]]
[2020.04.17-18.00.53:052][  0]LogConfig: Setting CVar [[r.ViewDistanceScale:1.0]]
[2020.04.17-18.00.53:052][  0]LogConfig: Applying CVar settings from Section [AntiAliasingQuality@3] File [G:/GAM140-3DLevelDesign/RPG_LevelDesign/Saved/Config/Windows/Scalability.ini]
[2020.04.17-18.00.53:052][  0]LogConfig: Setting CVar [[r.PostProcessAAQuality:4]]
[2020.04.17-18.00.53:052][  0]LogConfig: Applying CVar settings from Section [ShadowQuality@3] File [G:/GAM140-3DLevelDesign/RPG_LevelDesign/Saved/Config/Windows/Scalability.ini]
[2020.04.17-18.00.53:052][  0]LogConfig: Setting CVar [[r.LightFunctionQuality:1]]
[2020.04.17-18.00.53:052][  0]LogConfig: Setting CVar [[r.ShadowQuality:5]]
[2020.04.17-18.00.53:052][  0]LogConfig: Setting CVar [[r.Shadow.CSM.MaxCascades:10]]
[2020.04.17-18.00.53:052][  0]LogConfig: Setting CVar [[r.Shadow.MaxResolution:2048]]
[2020.04.17-18.00.53:052][  0]LogConfig: Setting CVar [[r.Shadow.MaxCSMResolution:2048]]
[2020.04.17-18.00.53:052][  0]LogConfig: Setting CVar [[r.Shadow.RadiusThreshold:0.01]]
[2020.04.17-18.00.53:052][  0]LogConfig: Setting CVar [[r.Shadow.DistanceScale:1.0]]
[2020.04.17-18.00.53:052][  0]LogConfig: Setting CVar [[r.Shadow.CSM.TransitionScale:1.0]]
[2020.04.17-18.00.53:052][  0]LogConfig: Setting CVar [[r.Shadow.PreShadowResolutionFactor:1.0]]
[2020.04.17-18.00.53:052][  0]LogConfig: Setting CVar [[r.DistanceFieldShadowing:1]]
[2020.04.17-18.00.53:052][  0]LogConfig: Setting CVar [[r.DistanceFieldAO:1]]
[2020.04.17-18.00.53:052][  0]LogConfig: Setting CVar [[r.AOQuality:2]]
[2020.04.17-18.00.53:052][  0]LogConfig: Setting CVar [[r.VolumetricFog:1]]
[2020.04.17-18.00.53:052][  0]LogConfig: Setting CVar [[r.VolumetricFog.GridPixelSize:8]]
[2020.04.17-18.00.53:052][  0]LogConfig: Setting CVar [[r.VolumetricFog.GridSizeZ:128]]
[2020.04.17-18.00.53:052][  0]LogConfig: Setting CVar [[r.VolumetricFog.HistoryMissSupersampleCount:4]]
[2020.04.17-18.00.53:052][  0]LogConfig: Setting CVar [[r.LightMaxDrawDistanceScale:1]]
[2020.04.17-18.00.53:052][  0]LogConfig: Setting CVar [[r.CapsuleShadows:1]]
[2020.04.17-18.00.53:052][  0]LogConfig: Applying CVar settings from Section [PostProcessQuality@3] File [G:/GAM140-3DLevelDesign/RPG_LevelDesign/Saved/Config/Windows/Scalability.ini]
[2020.04.17-18.00.53:052][  0]LogConfig: Setting CVar [[r.MotionBlurQuality:4]]
[2020.04.17-18.00.53:052][  0]LogConfig: Setting CVar [[r.AmbientOcclusionMipLevelFactor:0.4]]
[2020.04.17-18.00.53:052][  0]LogConfig: Setting CVar [[r.AmbientOcclusionMaxQuality:100]]
[2020.04.17-18.00.53:052][  0]LogConfig: Setting CVar [[r.AmbientOcclusionLevels:-1]]
[2020.04.17-18.00.53:052][  0]LogConfig: Setting CVar [[r.AmbientOcclusionRadiusScale:1.0]]
[2020.04.17-18.00.53:052][  0]LogConfig: Setting CVar [[r.DepthOfFieldQuality:2]]
[2020.04.17-18.00.53:052][  0]LogConfig: Setting CVar [[r.RenderTargetPoolMin:400]]
[2020.04.17-18.00.53:052][  0]LogConfig: Setting CVar [[r.LensFlareQuality:2]]
[2020.04.17-18.00.53:052][  0]LogConfig: Setting CVar [[r.SceneColorFringeQuality:1]]
[2020.04.17-18.00.53:052][  0]LogConfig: Setting CVar [[r.EyeAdaptationQuality:2]]
[2020.04.17-18.00.53:052][  0]LogConfig: Setting CVar [[r.BloomQuality:5]]
[2020.04.17-18.00.53:052][  0]LogConfig: Setting CVar [[r.FastBlurThreshold:100]]
[2020.04.17-18.00.53:052][  0]LogConfig: Setting CVar [[r.Upscale.Quality:3]]
[2020.04.17-18.00.53:052][  0]LogConfig: Setting CVar [[r.Tonemapper.GrainQuantization:1]]
[2020.04.17-18.00.53:052][  0]LogConfig: Setting CVar [[r.LightShaftQuality:1]]
[2020.04.17-18.00.53:052][  0]LogConfig: Setting CVar [[r.Filter.SizeScale:1]]
[2020.04.17-18.00.53:052][  0]LogConfig: Setting CVar [[r.Tonemapper.Quality:5]]
[2020.04.17-18.00.53:052][  0]LogConfig: Setting CVar [[r.DOF.Gather.AccumulatorQuality:1        ; higher gathering accumulator quality]]
[2020.04.17-18.00.53:052][  0]LogConfig: Setting CVar [[r.DOF.Gather.PostfilterMethod:1          ; Median3x3 postfilering method]]
[2020.04.17-18.00.53:052][  0]LogConfig: Setting CVar [[r.DOF.Gather.EnableBokehSettings:0       ; no bokeh simulation when gathering]]
[2020.04.17-18.00.53:052][  0]LogConfig: Setting CVar [[r.DOF.Gather.RingCount:4                 ; medium number of samples when gathering]]
[2020.04.17-18.00.53:052][  0]LogConfig: Setting CVar [[r.DOF.Scatter.ForegroundCompositing:1    ; additive foreground scattering]]
[2020.04.17-18.00.53:052][  0]LogConfig: Setting CVar [[r.DOF.Scatter.BackgroundCompositing:2    ; additive background scattering]]
[2020.04.17-18.00.53:052][  0]LogConfig: Setting CVar [[r.DOF.Scatter.EnableBokehSettings:1      ; bokeh simulation when scattering]]
[2020.04.17-18.00.53:052][  0]LogConfig: Setting CVar [[r.DOF.Scatter.MaxSpriteRatio:0.1         ; only a maximum of 10% of scattered bokeh]]
[2020.04.17-18.00.53:052][  0]LogConfig: Setting CVar [[r.DOF.Recombine.Quality:1                ; cheap slight out of focus]]
[2020.04.17-18.00.53:052][  0]LogConfig: Setting CVar [[r.DOF.Recombine.EnableBokehSettings:0    ; no bokeh simulation on slight out of focus]]
[2020.04.17-18.00.53:052][  0]LogConfig: Setting CVar [[r.DOF.TemporalAAQuality:1                ; more stable temporal accumulation]]
[2020.04.17-18.00.53:052][  0]LogConfig: Setting CVar [[r.DOF.Kernel.MaxForegroundRadius:0.025]]
[2020.04.17-18.00.53:052][  0]LogConfig: Setting CVar [[r.DOF.Kernel.MaxBackgroundRadius:0.025]]
[2020.04.17-18.00.53:052][  0]LogConfig: Applying CVar settings from Section [TextureQuality@3] File [G:/GAM140-3DLevelDesign/RPG_LevelDesign/Saved/Config/Windows/Scalability.ini]
[2020.04.17-18.00.53:052][  0]LogConfig: Setting CVar [[r.Streaming.MipBias:0]]
[2020.04.17-18.00.53:052][  0]LogConfig: Setting CVar [[r.Streaming.AmortizeCPUToGPUCopy:0]]
[2020.04.17-18.00.53:052][  0]LogConfig: Setting CVar [[r.Streaming.MaxNumTexturesToStreamPerFrame:0]]
[2020.04.17-18.00.53:052][  0]LogConfig: Setting CVar [[r.Streaming.Boost:1]]
[2020.04.17-18.00.53:052][  0]LogConfig: Setting CVar [[r.MaxAnisotropy:8]]
[2020.04.17-18.00.53:052][  0]LogConfig: Setting CVar [[r.Streaming.LimitPoolSizeToVRAM:0]]
[2020.04.17-18.00.53:052][  0]LogConfig: Setting CVar [[r.Streaming.PoolSize:1000]]
[2020.04.17-18.00.53:052][  0]LogConfig: Setting CVar [[r.Streaming.MaxEffectiveScreenSize:0]]
[2020.04.17-18.00.53:052][  0]LogConfig: Applying CVar settings from Section [EffectsQuality@3] File [G:/GAM140-3DLevelDesign/RPG_LevelDesign/Saved/Config/Windows/Scalability.ini]
[2020.04.17-18.00.53:052][  0]LogConfig: Setting CVar [[r.TranslucencyLightingVolumeDim:64]]
[2020.04.17-18.00.53:052][  0]LogConfig: Setting CVar [[r.RefractionQuality:2]]
[2020.04.17-18.00.53:052][  0]LogConfig: Setting CVar [[r.SSR.Quality:3]]
[2020.04.17-18.00.53:052][  0]LogConfig: Setting CVar [[r.SceneColorFormat:4]]
[2020.04.17-18.00.53:052][  0]LogConfig: Setting CVar [[r.DetailMode:2]]
[2020.04.17-18.00.53:052][  0]LogConfig: Setting CVar [[r.TranslucencyVolumeBlur:1]]
[2020.04.17-18.00.53:052][  0]LogConfig: Setting CVar [[r.MaterialQualityLevel:1 ; High quality]]
[2020.04.17-18.00.53:052][  0]LogConfig: Setting CVar [[r.SSS.Scale:1]]
[2020.04.17-18.00.53:052][  0]LogConfig: Setting CVar [[r.SSS.SampleSet:2]]
[2020.04.17-18.00.53:052][  0]LogConfig: Setting CVar [[r.SSS.Quality:1]]
[2020.04.17-18.00.53:052][  0]LogConfig: Setting CVar [[r.SSS.HalfRes:1]]
[2020.04.17-18.00.53:052][  0]LogConfig: Setting CVar [[r.EmitterSpawnRateScale:1.0]]
[2020.04.17-18.00.53:052][  0]LogConfig: Setting CVar [[r.ParticleLightQuality:2]]
[2020.04.17-18.00.53:052][  0]LogConfig: Applying CVar settings from Section [FoliageQuality@3] File [G:/GAM140-3DLevelDesign/RPG_LevelDesign/Saved/Config/Windows/Scalability.ini]
[2020.04.17-18.00.53:052][  0]LogConfig: Setting CVar [[foliage.DensityScale:1.0]]
[2020.04.17-18.00.53:052][  0]LogConfig: Setting CVar [[grass.DensityScale:1.0]]
[2020.04.17-18.00.53:072][  0]LogInit: Selected Device Profile: [Windows]
[2020.04.17-18.00.53:072][  0]LogInit: Applying CVar settings loaded from the selected device profile: [Windows]
[2020.04.17-18.00.53:139][  0]LogHAL: Display: Platform has ~ 32 GB [34213769216 / 34359738368 / 32], which maps to Largest [LargestMinGB=32, LargerMinGB=12, DefaultMinGB=8, SmallerMinGB=6, SmallestMinGB=0)
[2020.04.17-18.00.53:144][  0]LogConfig: Setting CVar [[r.Vulkan.UseRealUBs:0		; Required until we fix HLR fall-out]]
[2020.04.17-18.00.53:144][  0]LogInit: Going up to parent DeviceProfile []
[2020.04.17-18.00.53:145][  0]LogConfig: Applying CVar settings from Section [ViewDistanceQuality@3] File [G:/GAM140-3DLevelDesign/RPG_LevelDesign/Saved/Config/Windows/Scalability.ini]
[2020.04.17-18.00.53:145][  0]LogConfig: Setting CVar [[r.SkeletalMeshLODBias:0]]
[2020.04.17-18.00.53:145][  0]LogConfig: Setting CVar [[r.ViewDistanceScale:1.0]]
[2020.04.17-18.00.53:145][  0]LogConfig: Applying CVar settings from Section [AntiAliasingQuality@3] File [G:/GAM140-3DLevelDesign/RPG_LevelDesign/Saved/Config/Windows/Scalability.ini]
[2020.04.17-18.00.53:145][  0]LogConfig: Setting CVar [[r.PostProcessAAQuality:4]]
[2020.04.17-18.00.53:145][  0]LogConfig: Applying CVar settings from Section [ShadowQuality@3] File [G:/GAM140-3DLevelDesign/RPG_LevelDesign/Saved/Config/Windows/Scalability.ini]
[2020.04.17-18.00.53:145][  0]LogConfig: Setting CVar [[r.LightFunctionQuality:1]]
[2020.04.17-18.00.53:145][  0]LogConfig: Setting CVar [[r.ShadowQuality:5]]
[2020.04.17-18.00.53:145][  0]LogConfig: Setting CVar [[r.Shadow.CSM.MaxCascades:10]]
[2020.04.17-18.00.53:145][  0]LogConfig: Setting CVar [[r.Shadow.MaxResolution:2048]]
[2020.04.17-18.00.53:145][  0]LogConfig: Setting CVar [[r.Shadow.MaxCSMResolution:2048]]
[2020.04.17-18.00.53:145][  0]LogConfig: Setting CVar [[r.Shadow.RadiusThreshold:0.01]]
[2020.04.17-18.00.53:145][  0]LogConfig: Setting CVar [[r.Shadow.DistanceScale:1.0]]
[2020.04.17-18.00.53:145][  0]LogConfig: Setting CVar [[r.Shadow.CSM.TransitionScale:1.0]]
[2020.04.17-18.00.53:145][  0]LogConfig: Setting CVar [[r.Shadow.PreShadowResolutionFactor:1.0]]
[2020.04.17-18.00.53:145][  0]LogConfig: Setting CVar [[r.DistanceFieldShadowing:1]]
[2020.04.17-18.00.53:145][  0]LogConfig: Setting CVar [[r.DistanceFieldAO:1]]
[2020.04.17-18.00.53:145][  0]LogConfig: Setting CVar [[r.AOQuality:2]]
[2020.04.17-18.00.53:145][  0]LogConfig: Setting CVar [[r.VolumetricFog:1]]
[2020.04.17-18.00.53:145][  0]LogConfig: Setting CVar [[r.VolumetricFog.GridPixelSize:8]]
[2020.04.17-18.00.53:145][  0]LogConfig: Setting CVar [[r.VolumetricFog.GridSizeZ:128]]
[2020.04.17-18.00.53:145][  0]LogConfig: Setting CVar [[r.VolumetricFog.HistoryMissSupersampleCount:4]]
[2020.04.17-18.00.53:145][  0]LogConfig: Setting CVar [[r.LightMaxDrawDistanceScale:1]]
[2020.04.17-18.00.53:145][  0]LogConfig: Setting CVar [[r.CapsuleShadows:1]]
[2020.04.17-18.00.53:145][  0]LogConfig: Applying CVar settings from Section [PostProcessQuality@3] File [G:/GAM140-3DLevelDesign/RPG_LevelDesign/Saved/Config/Windows/Scalability.ini]
[2020.04.17-18.00.53:145][  0]LogConfig: Setting CVar [[r.MotionBlurQuality:4]]
[2020.04.17-18.00.53:145][  0]LogConfig: Setting CVar [[r.AmbientOcclusionMipLevelFactor:0.4]]
[2020.04.17-18.00.53:145][  0]LogConfig: Setting CVar [[r.AmbientOcclusionMaxQuality:100]]
[2020.04.17-18.00.53:145][  0]LogConfig: Setting CVar [[r.AmbientOcclusionLevels:-1]]
[2020.04.17-18.00.53:145][  0]LogConfig: Setting CVar [[r.AmbientOcclusionRadiusScale:1.0]]
[2020.04.17-18.00.53:145][  0]LogConfig: Setting CVar [[r.DepthOfFieldQuality:2]]
[2020.04.17-18.00.53:146][  0]LogConfig: Setting CVar [[r.RenderTargetPoolMin:400]]
[2020.04.17-18.00.53:146][  0]LogConfig: Setting CVar [[r.LensFlareQuality:2]]
[2020.04.17-18.00.53:146][  0]LogConfig: Setting CVar [[r.SceneColorFringeQuality:1]]
[2020.04.17-18.00.53:146][  0]LogConfig: Setting CVar [[r.EyeAdaptationQuality:2]]
[2020.04.17-18.00.53:146][  0]LogConfig: Setting CVar [[r.BloomQuality:5]]
[2020.04.17-18.00.53:146][  0]LogConfig: Setting CVar [[r.FastBlurThreshold:100]]
[2020.04.17-18.00.53:146][  0]LogConfig: Setting CVar [[r.Upscale.Quality:3]]
[2020.04.17-18.00.53:146][  0]LogConfig: Setting CVar [[r.Tonemapper.GrainQuantization:1]]
[2020.04.17-18.00.53:146][  0]LogConfig: Setting CVar [[r.LightShaftQuality:1]]
[2020.04.17-18.00.53:146][  0]LogConfig: Setting CVar [[r.Filter.SizeScale:1]]
[2020.04.17-18.00.53:146][  0]LogConfig: Setting CVar [[r.Tonemapper.Quality:5]]
[2020.04.17-18.00.53:146][  0]LogConfig: Setting CVar [[r.DOF.Gather.AccumulatorQuality:1        ; higher gathering accumulator quality]]
[2020.04.17-18.00.53:146][  0]LogConfig: Setting CVar [[r.DOF.Gather.PostfilterMethod:1          ; Median3x3 postfilering method]]
[2020.04.17-18.00.53:146][  0]LogConfig: Setting CVar [[r.DOF.Gather.EnableBokehSettings:0       ; no bokeh simulation when gathering]]
[2020.04.17-18.00.53:146][  0]LogConfig: Setting CVar [[r.DOF.Gather.RingCount:4                 ; medium number of samples when gathering]]
[2020.04.17-18.00.53:146][  0]LogConfig: Setting CVar [[r.DOF.Scatter.ForegroundCompositing:1    ; additive foreground scattering]]
[2020.04.17-18.00.53:146][  0]LogConfig: Setting CVar [[r.DOF.Scatter.BackgroundCompositing:2    ; additive background scattering]]
[2020.04.17-18.00.53:146][  0]LogConfig: Setting CVar [[r.DOF.Scatter.EnableBokehSettings:1      ; bokeh simulation when scattering]]
[2020.04.17-18.00.53:146][  0]LogConfig: Setting CVar [[r.DOF.Scatter.MaxSpriteRatio:0.1         ; only a maximum of 10% of scattered bokeh]]
[2020.04.17-18.00.53:146][  0]LogConfig: Setting CVar [[r.DOF.Recombine.Quality:1                ; cheap slight out of focus]]
[2020.04.17-18.00.53:146][  0]LogConfig: Setting CVar [[r.DOF.Recombine.EnableBokehSettings:0    ; no bokeh simulation on slight out of focus]]
[2020.04.17-18.00.53:146][  0]LogConfig: Setting CVar [[r.DOF.TemporalAAQuality:1                ; more stable temporal accumulation]]
[2020.04.17-18.00.53:146][  0]LogConfig: Setting CVar [[r.DOF.Kernel.MaxForegroundRadius:0.025]]
[2020.04.17-18.00.53:146][  0]LogConfig: Setting CVar [[r.DOF.Kernel.MaxBackgroundRadius:0.025]]
[2020.04.17-18.00.53:146][  0]LogConfig: Applying CVar settings from Section [TextureQuality@3] File [G:/GAM140-3DLevelDesign/RPG_LevelDesign/Saved/Config/Windows/Scalability.ini]
[2020.04.17-18.00.53:146][  0]LogConfig: Setting CVar [[r.Streaming.MipBias:0]]
[2020.04.17-18.00.53:146][  0]LogConfig: Setting CVar [[r.Streaming.AmortizeCPUToGPUCopy:0]]
[2020.04.17-18.00.53:146][  0]LogConfig: Setting CVar [[r.Streaming.MaxNumTexturesToStreamPerFrame:0]]
[2020.04.17-18.00.53:146][  0]LogConfig: Setting CVar [[r.Streaming.Boost:1]]
[2020.04.17-18.00.53:146][  0]LogConfig: Setting CVar [[r.MaxAnisotropy:8]]
[2020.04.17-18.00.53:146][  0]LogConfig: Setting CVar [[r.Streaming.LimitPoolSizeToVRAM:0]]
[2020.04.17-18.00.53:146][  0]LogConfig: Setting CVar [[r.Streaming.PoolSize:1000]]
[2020.04.17-18.00.53:146][  0]LogConfig: Setting CVar [[r.Streaming.MaxEffectiveScreenSize:0]]
[2020.04.17-18.00.53:146][  0]LogConfig: Applying CVar settings from Section [EffectsQuality@3] File [G:/GAM140-3DLevelDesign/RPG_LevelDesign/Saved/Config/Windows/Scalability.ini]
[2020.04.17-18.00.53:146][  0]LogConfig: Setting CVar [[r.TranslucencyLightingVolumeDim:64]]
[2020.04.17-18.00.53:146][  0]LogConfig: Setting CVar [[r.RefractionQuality:2]]
[2020.04.17-18.00.53:146][  0]LogConfig: Setting CVar [[r.SSR.Quality:3]]
[2020.04.17-18.00.53:146][  0]LogConfig: Setting CVar [[r.SceneColorFormat:4]]
[2020.04.17-18.00.53:146][  0]LogConfig: Setting CVar [[r.DetailMode:2]]
[2020.04.17-18.00.53:146][  0]LogConfig: Setting CVar [[r.TranslucencyVolumeBlur:1]]
[2020.04.17-18.00.53:146][  0]LogConfig: Setting CVar [[r.MaterialQualityLevel:1 ; High quality]]
[2020.04.17-18.00.53:147][  0]LogConfig: Setting CVar [[r.SSS.Scale:1]]
[2020.04.17-18.00.53:147][  0]LogConfig: Setting CVar [[r.SSS.SampleSet:2]]
[2020.04.17-18.00.53:147][  0]LogConfig: Setting CVar [[r.SSS.Quality:1]]
[2020.04.17-18.00.53:147][  0]LogConfig: Setting CVar [[r.SSS.HalfRes:1]]
[2020.04.17-18.00.53:147][  0]LogConfig: Setting CVar [[r.EmitterSpawnRateScale:1.0]]
[2020.04.17-18.00.53:147][  0]LogConfig: Setting CVar [[r.ParticleLightQuality:2]]
[2020.04.17-18.00.53:147][  0]LogConfig: Applying CVar settings from Section [FoliageQuality@3] File [G:/GAM140-3DLevelDesign/RPG_LevelDesign/Saved/Config/Windows/Scalability.ini]
[2020.04.17-18.00.53:147][  0]LogConfig: Setting CVar [[foliage.DensityScale:1.0]]
[2020.04.17-18.00.53:147][  0]LogConfig: Setting CVar [[grass.DensityScale:1.0]]
[2020.04.17-18.00.53:147][  0]LogConfig: Applying CVar settings from Section [Startup] File [../../../Engine/Config/ConsoleVariables.ini]
[2020.04.17-18.00.53:180][  0]LogConfig: Setting CVar [[net.UseAdaptiveNetUpdateFrequency:0]]
[2020.04.17-18.00.53:180][  0]LogConfig: Setting CVar [[p.chaos.AllowCreatePhysxBodies:1]]
[2020.04.17-18.00.53:180][  0]LogConfig: Applying CVar settings from Section [ConsoleVariables] File [G:/GAM140-3DLevelDesign/RPG_LevelDesign/Saved/Config/Windows/Engine.ini]
[2020.04.17-18.00.53:199][  0]LogInit: Computer: DESKTOP-DHBIM4J
[2020.04.17-18.00.53:199][  0]LogInit: User: georg
[2020.04.17-18.00.53:199][  0]LogInit: CPU Page size=4096, Cores=4
[2020.04.17-18.00.53:199][  0]LogInit: High frequency timer resolution =10.000000 MHz
[2020.04.17-18.00.53:199][  0]LogMemory: Memory total: Physical=31.9GB (32GB approx)
[2020.04.17-18.00.53:199][  0]LogMemory: Platform Memory Stats for Windows
[2020.04.17-18.00.53:199][  0]LogMemory: Process Physical Memory: 99.81 MB used, 99.81 MB peak
[2020.04.17-18.00.53:199][  0]LogMemory: Process Virtual Memory: 90.88 MB used, 90.88 MB peak
[2020.04.17-18.00.53:199][  0]LogMemory: Physical Memory: 9627.71 MB used,  23001.08 MB free, 32628.79 MB total
[2020.04.17-18.00.53:199][  0]LogMemory: Virtual Memory: 4644.36 MB used,  134213080.00 MB free, 134217728.00 MB total
[2020.04.17-18.00.54:163][  0]LogInit: Using OS detected language (en-GB).
[2020.04.17-18.00.54:163][  0]LogInit: Using OS detected locale (en-GB).
[2020.04.17-18.00.54:276][  0]LogTextLocalizationManager: No specific localization for 'en-GB' exists, so the 'en' localization will be used.
[2020.04.17-18.00.55:018][  0]LogInit: Setting process to per monitor DPI aware
[2020.04.17-18.00.56:279][  0]LogSlate: New Slate User Created.  User Index 0, Is Virtual User: 0
[2020.04.17-18.00.56:279][  0]LogSlate: Slate User Registered.  User Index 0, Is Virtual User: 0
[2020.04.17-18.01.00:666][  0]LogHMD: Failed to initialize OpenVR with code 110
[2020.04.17-18.01.00:666][  0]LogD3D11RHI: D3D11 adapters:
[2020.04.17-18.01.00:808][  0]LogD3D11RHI:    0. 'NVIDIA GeForce RTX 2060' (Feature Level 11_0)
[2020.04.17-18.01.00:808][  0]LogD3D11RHI:       5980/0/16314 MB DedicatedVideo/DedicatedSystem/SharedSystem, Outputs:1, VendorId:0x10de
[2020.04.17-18.01.00:827][  0]LogD3D11RHI:    1. 'Intel(R) HD Graphics 4600' (Feature Level 11_0)
[2020.04.17-18.01.00:827][  0]LogD3D11RHI:       112/0/2048 MB DedicatedVideo/DedicatedSystem/SharedSystem, Outputs:0, VendorId:0x8086
[2020.04.17-18.01.00:834][  0]LogD3D11RHI:    2. 'Microsoft Basic Render Driver' (Feature Level 11_0)
[2020.04.17-18.01.00:834][  0]LogD3D11RHI:       0/0/16314 MB DedicatedVideo/DedicatedSystem/SharedSystem, Outputs:0, VendorId:0x1414
[2020.04.17-18.01.00:834][  0]LogD3D11RHI: Chosen D3D11 Adapter: 0
[2020.04.17-18.01.00:843][  0]LogD3D11RHI: Creating new Direct3DDevice
[2020.04.17-18.01.00:843][  0]LogD3D11RHI:     GPU DeviceId: 0x1f08 (for the marketing name, search the web for "GPU Device Id")
[2020.04.17-18.01.00:843][  0]LogWindows: EnumDisplayDevices:
[2020.04.17-18.01.00:844][  0]LogWindows:    0. 'NVIDIA GeForce RTX 2060' (P:1 D:1)
[2020.04.17-18.01.00:845][  0]LogWindows:    1. 'NVIDIA GeForce RTX 2060' (P:0 D:0)
[2020.04.17-18.01.00:846][  0]LogWindows:    2. 'NVIDIA GeForce RTX 2060' (P:0 D:0)
[2020.04.17-18.01.00:848][  0]LogWindows:    3. 'NVIDIA GeForce RTX 2060' (P:0 D:0)
[2020.04.17-18.01.00:849][  0]LogWindows:    4. 'Intel(R) HD Graphics 4600' (P:0 D:0)
[2020.04.17-18.01.00:851][  0]LogWindows:    5. 'Intel(R) HD Graphics 4600' (P:0 D:0)
[2020.04.17-18.01.00:852][  0]LogWindows:    6. 'Intel(R) HD Graphics 4600' (P:0 D:0)
[2020.04.17-18.01.00:853][  0]LogWindows: DebugString: PrimaryIsNotTheChoosenAdapter PrimaryIsNotTheChoosenAdapter PrimaryIsNotTheChoosenAdapter FoundDriverCount:4 
[2020.04.17-18.01.00:853][  0]LogD3D11RHI:     Adapter Name: NVIDIA GeForce RTX 2060
[2020.04.17-18.01.00:853][  0]LogD3D11RHI:   Driver Version: 442.59 (internal:26.21.14.4259, unified:442.59)
[2020.04.17-18.01.00:853][  0]LogD3D11RHI:      Driver Date: 3-4-2020
[2020.04.17-18.01.00:853][  0]LogRHI: Texture pool is 4186 MB (70% of 5980 MB)
[2020.04.17-18.01.00:939][  0]LogD3D11RHI: Async texture creation enabled
[2020.04.17-18.01.01:098][  0]LogRendererCore: FGlobalReadBuffer::InitRHI
[2020.04.17-18.01.01:104][  0]LogRendererCore: FGlobalReadBuffer::InitRHI
[2020.04.17-18.01.01:104][  0]LogRendererCore: FGlobalReadBuffer::InitRHI
[2020.04.17-18.01.01:168][  0]LogD3D11RHI: GPU Timing Frequency: 1000.000000 (Debug: 2 1)
[2020.04.17-18.01.02:546][  0]LogTemp: Display: Module 'AllDesktopTargetPlatform' loaded TargetPlatform 'AllDesktop'
[2020.04.17-18.01.02:606][  0]LogTemp: Display: Module 'MacClientTargetPlatform' loaded TargetPlatform 'MacClient'
[2020.04.17-18.01.02:645][  0]LogTemp: Display: Module 'MacNoEditorTargetPlatform' loaded TargetPlatform 'MacNoEditor'
[2020.04.17-18.01.02:696][  0]LogTemp: Display: Module 'MacServerTargetPlatform' loaded TargetPlatform 'MacServer'
[2020.04.17-18.01.02:776][  0]LogTemp: Display: Module 'MacTargetPlatform' loaded TargetPlatform 'Mac'
[2020.04.17-18.01.02:844][  0]LogTemp: Display: Module 'WindowsClientTargetPlatform' loaded TargetPlatform 'WindowsClient'
[2020.04.17-18.01.02:893][  0]LogTemp: Display: Module 'WindowsNoEditorTargetPlatform' loaded TargetPlatform 'WindowsNoEditor'
[2020.04.17-18.01.02:944][  0]LogTemp: Display: Module 'WindowsServerTargetPlatform' loaded TargetPlatform 'WindowsServer'
[2020.04.17-18.01.02:985][  0]LogTemp: Display: Module 'WindowsTargetPlatform' loaded TargetPlatform 'Windows'
[2020.04.17-18.01.03:115][  0]LogTemp: Display: Module 'AndroidTargetPlatform' loaded TargetPlatform 'Android'
[2020.04.17-18.01.03:115][  0]LogTemp: Display: Module 'AndroidTargetPlatform' loaded TargetPlatform 'Android_ASTC'
[2020.04.17-18.01.03:115][  0]LogTemp: Display: Module 'AndroidTargetPlatform' loaded TargetPlatform 'Android_ATC'
[2020.04.17-18.01.03:115][  0]LogTemp: Display: Module 'AndroidTargetPlatform' loaded TargetPlatform 'Android_DXT'
[2020.04.17-18.01.03:115][  0]LogTemp: Display: Module 'AndroidTargetPlatform' loaded TargetPlatform 'Android_ETC1'
[2020.04.17-18.01.03:115][  0]LogTemp: Display: Module 'AndroidTargetPlatform' loaded TargetPlatform 'Android_ETC1a'
[2020.04.17-18.01.03:115][  0]LogTemp: Display: Module 'AndroidTargetPlatform' loaded TargetPlatform 'Android_ETC2'
[2020.04.17-18.01.03:115][  0]LogTemp: Display: Module 'AndroidTargetPlatform' loaded TargetPlatform 'Android_PVRTC'
[2020.04.17-18.01.03:115][  0]LogTemp: Display: Module 'AndroidTargetPlatform' loaded TargetPlatform 'AndroidClient'
[2020.04.17-18.01.03:115][  0]LogTemp: Display: Module 'AndroidTargetPlatform' loaded TargetPlatform 'Android_ASTCClient'
[2020.04.17-18.01.03:115][  0]LogTemp: Display: Module 'AndroidTargetPlatform' loaded TargetPlatform 'Android_ATCClient'
[2020.04.17-18.01.03:115][  0]LogTemp: Display: Module 'AndroidTargetPlatform' loaded TargetPlatform 'Android_DXTClient'
[2020.04.17-18.01.03:115][  0]LogTemp: Display: Module 'AndroidTargetPlatform' loaded TargetPlatform 'Android_ETC1Client'
[2020.04.17-18.01.03:115][  0]LogTemp: Display: Module 'AndroidTargetPlatform' loaded TargetPlatform 'Android_ETC1aClient'
[2020.04.17-18.01.03:115][  0]LogTemp: Display: Module 'AndroidTargetPlatform' loaded TargetPlatform 'Android_ETC2Client'
[2020.04.17-18.01.03:115][  0]LogTemp: Display: Module 'AndroidTargetPlatform' loaded TargetPlatform 'Android_PVRTCClient'
[2020.04.17-18.01.03:115][  0]LogTemp: Display: Module 'AndroidTargetPlatform' loaded TargetPlatform 'Android_Multi'
[2020.04.17-18.01.03:115][  0]LogTemp: Display: Module 'AndroidTargetPlatform' loaded TargetPlatform 'Android_MultiClient'
[2020.04.17-18.01.03:165][  0]LogTemp: Display: Module 'HTML5TargetPlatform' loaded TargetPlatform 'HTML5'
[2020.04.17-18.01.03:313][  0]LogTemp: Display: Module 'IOSTargetPlatform' loaded TargetPlatform 'IOSClient'
[2020.04.17-18.01.03:313][  0]LogTemp: Display: Module 'IOSTargetPlatform' loaded TargetPlatform 'IOS'
[2020.04.17-18.01.03:360][  0]LogTemp: Display: Module 'TVOSTargetPlatform' loaded TargetPlatform 'TVOSClient'
[2020.04.17-18.01.03:360][  0]LogTemp: Display: Module 'TVOSTargetPlatform' loaded TargetPlatform 'TVOS'
[2020.04.17-18.01.03:405][  0]LogTemp: Display: Module 'LinuxClientTargetPlatform' loaded TargetPlatform 'LinuxClient'
[2020.04.17-18.01.03:432][  0]LogTemp: Display: Module 'LinuxNoEditorTargetPlatform' loaded TargetPlatform 'LinuxNoEditor'
[2020.04.17-18.01.03:461][  0]LogTemp: Display: Module 'LinuxServerTargetPlatform' loaded TargetPlatform 'LinuxServer'
[2020.04.17-18.01.03:501][  0]LogTemp: Display: Module 'LinuxTargetPlatform' loaded TargetPlatform 'Linux'
[2020.04.17-18.01.03:591][  0]LogTemp: Display: Module 'LuminTargetPlatform' loaded TargetPlatform 'Lumin'
[2020.04.17-18.01.03:591][  0]LogTemp: Display: Module 'LuminTargetPlatform' loaded TargetPlatform 'LuminClient'
[2020.04.17-18.01.03:591][  0]LogTargetPlatformManager: Display: Building Assets For Windows
[2020.04.17-18.01.03:845][  0]LogAudioDebug: Display: Lib vorbis DLL was dynamically loaded.
[2020.04.17-18.01.04:686][  0]LogShaderCompilers: Guid format shader working directory is 6 characters bigger than the processId version (G:/GAM140-3DLevelDesign/RPG_LevelDesign/Intermediate/Shaders/WorkingDirectory/21596/).
[2020.04.17-18.01.04:687][  0]LogShaderCompilers: Cleaned the shader compiler working directory 'C:/Users/georg/AppData/Local/Temp/UnrealShaderWorkingDir/22B1F1FC4526BD8FD7CED3BE0034E4F9/'.
[2020.04.17-18.01.04:717][  0]LogXGEController: Cleaning working directory: C:/Users/georg/AppData/Local/Temp/UnrealXGEWorkingDir/
[2020.04.17-18.01.04:718][  0]LogXGEController: Cannot use XGE Controller as Incredibuild is not installed on this machine.
[2020.04.17-18.01.04:718][  0]LogShaderCompilers: Cannot use XGE Shader Compiler as Incredibuild is not installed on this machine.
[2020.04.17-18.01.04:718][  0]LogShaderCompilers: Display: Using Local Shader Compiler.
[2020.04.17-18.01.09:956][  0]LogDerivedDataCache: Display: Max Cache Size: 512 MB
[2020.04.17-18.01.10:396][  0]LogDerivedDataCache: Loaded boot cache 0.44s 71MB C:/Users/georg/AppData/Local/UnrealEngine/4.22/DerivedDataCache/Boot.ddc.
[2020.04.17-18.01.10:396][  0]LogDerivedDataCache: Display: Loaded Boot cache: C:/Users/georg/AppData/Local/UnrealEngine/4.22/DerivedDataCache/Boot.ddc
[2020.04.17-18.01.10:396][  0]LogDerivedDataCache: FDerivedDataBackendGraph:  Pak pak cache file G:/GAM140-3DLevelDesign/RPG_LevelDesign/DerivedDataCache/DDC.ddp not found, will not use a pak cache.
[2020.04.17-18.01.10:396][  0]LogDerivedDataCache: Unable to find inner node Pak for hierarchical cache Hierarchy.
[2020.04.17-18.01.10:396][  0]LogDerivedDataCache: FDerivedDataBackendGraph:  CompressedPak pak cache file G:/GAM140-3DLevelDesign/RPG_LevelDesign/DerivedDataCache/Compressed.ddp not found, will not use a pak cache.
[2020.04.17-18.01.10:396][  0]LogDerivedDataCache: Unable to find inner node CompressedPak for hierarchical cache Hierarchy.
[2020.04.17-18.01.10:494][  0]LogDerivedDataCache: Display: Pak cache opened for reading ../../../Engine/DerivedDataCache/Compressed.ddp.
[2020.04.17-18.01.10:494][  0]LogDerivedDataCache: FDerivedDataBackendGraph:  EnterprisePak pak cache file ../../../Enterprise/DerivedDataCache/Compressed.ddp not found, will not use a pak cache.
[2020.04.17-18.01.10:494][  0]LogDerivedDataCache: Unable to find inner node EnterprisePak for hierarchical cache Hierarchy.
[2020.04.17-18.01.10:511][  0]LogDerivedDataCache: Using Local data cache path C:/Users/georg/AppData/Local/UnrealEngine/Common/DerivedDataCache: Writable
[2020.04.17-18.01.10:511][  0]LogDerivedDataCache: Shared data cache path not found in *engine.ini, will not use an Shared cache.
[2020.04.17-18.01.10:511][  0]LogDerivedDataCache: Unable to find inner node Shared for hierarchical cache Hierarchy.
[2020.04.17-18.01.10:584][  0]LogMaterial: Verifying Global Shaders for PCD3D_SM5
[2020.04.17-18.01.10:615][  0]LogSlate: Using FreeType 2.6.0
[2020.04.17-18.01.10:754][  0]LogSlate: SlateFontServices - WITH_FREETYPE: 1, WITH_HARFBUZZ: 1
[2020.04.17-18.01.14:141][  0]LogAssetRegistry: FAssetRegistry took 0.0373 seconds to start up
[2020.04.17-18.01.17:492][  0]LogInit: Selected Device Profile: [Windows]
[2020.04.17-18.01.21:501][  0]LogMeshReduction: Using QuadricMeshReduction for automatic static mesh reduction
[2020.04.17-18.01.21:501][  0]LogMeshReduction: Using SimplygonMeshReduction for automatic skeletal mesh reduction
[2020.04.17-18.01.21:501][  0]LogMeshReduction: Using ProxyLODMeshReduction for automatic mesh merging
[2020.04.17-18.01.21:501][  0]LogMeshReduction: No distributed automatic mesh merging module available
[2020.04.17-18.01.21:501][  0]LogMeshMerging: No distributed automatic mesh merging module available
[2020.04.17-18.01.22:239][  0]LogNetVersion: RPG_LevelDesign 1.0.0, NetCL: 5660361, EngineNetVer: 10, GameNetVer: 0 (Checksum: 2443510074)
[2020.04.17-18.01.27:871][  0]LogPackageLocalizationCache: Processed 10 localized package path(s) for 1 prioritized culture(s) in 0.127865 seconds
[2020.04.17-18.01.27:896][  0]LogUObjectArray: 42205 objects as part of root set at end of initial load.
[2020.04.17-18.01.27:896][  0]LogUObjectAllocator: 7325032 out of 0 bytes used by permanent object pool.
[2020.04.17-18.01.27:896][  0]LogUObjectArray: CloseDisregardForGC: 0/0 objects in disregard for GC pool
[2020.04.17-18.01.56:940][  0]LogTcpMessaging: Initializing TcpMessaging bridge
[2020.04.17-18.01.56:988][  0]LogUdpMessaging: Initializing bridge on interface 0.0.0.0:0 to multicast group 230.0.0.1:6666.
[2020.04.17-18.01.57:866][  0]SourceControl: Source control is disabled
[2020.04.17-18.01.57:881][  0]SourceControl: Source control is disabled
[2020.04.17-18.01.57:962][  0]SourceControl: Source control is disabled
[2020.04.17-18.01.57:987][  0]SourceControl: Source control is disabled
[2020.04.17-18.01.59:586][  0]LogAndroidPermission: UAndroidPermissionCallbackProxy::GetInstance
[2020.04.17-18.02.00:628][  0]LogOcInput: OculusInput pre-init called
[2020.04.17-18.02.04:317][  0]LogEngine: Initializing Engine...
[2020.04.17-18.02.04:343][  0]LogHMD: Failed to initialize OpenVR with code 110
[2020.04.17-18.02.04:346][  0]LogStats: UGameplayTagsManager::InitializeManager -  0.001 s
[2020.04.17-18.02.05:601][  0]LogInit: Initializing FReadOnlyCVARCache
[2020.04.17-18.02.05:932][  0]LogAIModule: Creating AISystem for world Untitled
[2020.04.17-18.02.06:230][  0]LogInit: XAudio2 using 'Speakers (Realtek High Definition Audio)' : 6 channels at 48 kHz using 16 bits per sample (channel mask 0x3f)
[2020.04.17-18.02.06:432][  0]LogInit: FAudioDevice initialized.
[2020.04.17-18.02.06:433][  0]LogNetVersion: Set ProjectVersion to 1.0.0.0. Version Checksum will be recalculated on next use.
[2020.04.17-18.02.06:666][  0]LogDerivedDataCache: Saved boot cache 0.23s 71MB C:/Users/georg/AppData/Local/UnrealEngine/4.22/DerivedDataCache/Boot.ddc.
[2020.04.17-18.02.06:669][  0]LogInit: Texture streaming: Enabled
[2020.04.17-18.02.06:868][  0]LogEngineSessionManager: EngineSessionManager initialized
[2020.04.17-18.02.07:056][  0]LogInit: Transaction tracking system initialized
[2020.04.17-18.02.07:408][  0]BlueprintLog: New page: Editor Load
[2020.04.17-18.02.08:724][  0]LocalizationService: Localization service is disabled
[2020.04.17-18.02.13:011][  0]LogFileCache: Scanning file cache for directory 'G:/GAM140-3DLevelDesign/RPG_LevelDesign/Content/' took 0.04s
[2020.04.17-18.02.13:011][  0]LogCook: Display: Max memory allowance for cook 16384mb min free memory 0mb
[2020.04.17-18.02.13:011][  0]LogCook: Display: Mobile HDR setting 1
[2020.04.17-18.02.22:117][  0]SourceControl: Source control is disabled
[2020.04.17-18.02.22:147][  0]Cmd: MAP LOAD FILE="G:/GAM140-3DLevelDesign/RPG_LevelDesign/Content/FirstPersonBP/Maps/FirstPersonExampleMap.umap" TEMPLATE=0 SHOWPROGRESS=1 FEATURELEVEL=3
[2020.04.17-18.02.22:155][  0]LightingResults: New page: Lighting Build
[2020.04.17-18.02.22:283][  0]MapCheck: New page: Map Check
[2020.04.17-18.02.22:283][  0]LightingResults: New page: Lighting Build
[2020.04.17-18.02.22:505][  0]LogUObjectHash: Compacting FUObjectHashTables data took   1.72ms
[2020.04.17-18.02.24:449][  0]LogAIModule: Creating AISystem for world FirstPersonExampleMap
[2020.04.17-18.02.24:953][  0]LogEditorServer: Finished looking for orphan Actors (0.000 secs)
[2020.04.17-18.02.25:007][  0]LogUObjectHash: Compacting FUObjectHashTables data took   3.06ms
[2020.04.17-18.02.25:007][  0]Cmd: MAP CHECKDEP NOCLEARLOG
[2020.04.17-18.02.25:008][  0]MapCheck: Map check complete: 0 Error(s), 0 Warning(s), took 0.187ms to complete.
[2020.04.17-18.02.25:008][  0]LogFileHelpers: Loading map 'FirstPersonExampleMap' took 2.891
[2020.04.17-18.02.26:183][  0]LogSlate: Updating window title bar state: overlay mode, drag disabled, window buttons hidden, title bar hidden
[2020.04.17-18.02.26:193][  0]LogSlate: Updating window title bar state: overlay mode, drag disabled, window buttons hidden, title bar hidden
[2020.04.17-18.02.26:205][  0]LogSlate: Updating window title bar state: overlay mode, drag disabled, window buttons hidden, title bar hidden
[2020.04.17-18.02.26:218][  0]LogSlate: Updating window title bar state: overlay mode, drag disabled, window buttons hidden, title bar hidden
[2020.04.17-18.02.26:358][  0]LogCollectionManager: Loaded 0 collections in 0.004663 seconds
[2020.04.17-18.02.26:516][  0]LogFileCache: Scanning file cache for directory 'G:/GAM140-3DLevelDesign/RPG_LevelDesign/Saved/Collections/' took 0.01s
[2020.04.17-18.02.26:516][  0]LogFileCache: Scanning file cache for directory 'G:/GAM140-3DLevelDesign/RPG_LevelDesign/Content/Developers/georg/Collections/' took 0.01s
[2020.04.17-18.02.26:516][  0]LogFileCache: Scanning file cache for directory 'G:/GAM140-3DLevelDesign/RPG_LevelDesign/Content/Collections/' took 0.01s
[2020.04.17-18.02.26:516][  0]LogCollectionManager: Rebuilt the GUID cache for 0 collections in 0.000000 seconds
[2020.04.17-18.02.26:528][  0]LogContentBrowser: Native class hierarchy populated in 0.0095 seconds. Added 2732 classes and 659 folders.
[2020.04.17-18.02.26:579][  0]LogContentBrowser: Native class hierarchy updated for 'WidgetCarousel' in 0.0011 seconds. Added 0 classes and 0 folders.
[2020.04.17-18.02.26:752][  0]LogPakFile: Registered encryption key '00000000000000000000000000000000': 0 pak files mounted, 0 remain pending
[2020.04.17-18.02.26:809][  0]LogPakFile: Registered encryption key '00000000000000000000000000000000': 0 pak files mounted, 0 remain pending
[2020.04.17-18.02.26:821][  0]LogPakFile: Registered encryption key '00000000000000000000000000000000': 0 pak files mounted, 0 remain pending
[2020.04.17-18.02.26:846][  0]LogPakFile: Registered encryption key '00000000000000000000000000000000': 0 pak files mounted, 0 remain pending
[2020.04.17-18.02.26:865][  0]LogPakFile: Registered encryption key '00000000000000000000000000000000': 0 pak files mounted, 0 remain pending
[2020.04.17-18.02.26:887][  0]LogPakFile: Registered encryption key '00000000000000000000000000000000': 0 pak files mounted, 0 remain pending
[2020.04.17-18.02.26:905][  0]LogPakFile: Registered encryption key '00000000000000000000000000000000': 0 pak files mounted, 0 remain pending
[2020.04.17-18.02.26:933][  0]LogPakFile: Registered encryption key '00000000000000000000000000000000': 0 pak files mounted, 0 remain pending
[2020.04.17-18.02.26:956][  0]LogPakFile: Registered encryption key '00000000000000000000000000000000': 0 pak files mounted, 0 remain pending
[2020.04.17-18.02.26:982][  0]LogPakFile: Registered encryption key '00000000000000000000000000000000': 0 pak files mounted, 0 remain pending
[2020.04.17-18.02.27:013][  0]LogPakFile: Registered encryption key '00000000000000000000000000000000': 0 pak files mounted, 0 remain pending
[2020.04.17-18.02.27:027][  0]LogPakFile: Registered encryption key '00000000000000000000000000000000': 0 pak files mounted, 0 remain pending
[2020.04.17-18.02.27:036][  0]LogPakFile: Registered encryption key '00000000000000000000000000000000': 0 pak files mounted, 0 remain pending
[2020.04.17-18.02.27:043][  0]LogPakFile: Registered encryption key '00000000000000000000000000000000': 0 pak files mounted, 0 remain pending
[2020.04.17-18.02.27:073][  0]LogPakFile: Registered encryption key '00000000000000000000000000000000': 0 pak files mounted, 0 remain pending
[2020.04.17-18.02.27:088][  0]LogPakFile: Registered encryption key '00000000000000000000000000000000': 0 pak files mounted, 0 remain pending
[2020.04.17-18.02.27:116][  0]LogPakFile: Registered encryption key '00000000000000000000000000000000': 0 pak files mounted, 0 remain pending
[2020.04.17-18.02.27:128][  0]LogPakFile: Registered encryption key '00000000000000000000000000000000': 0 pak files mounted, 0 remain pending
[2020.04.17-18.02.27:153][  0]LogPakFile: Registered encryption key '00000000000000000000000000000000': 0 pak files mounted, 0 remain pending
[2020.04.17-18.02.27:166][  0]LogPakFile: Registered encryption key '00000000000000000000000000000000': 0 pak files mounted, 0 remain pending
[2020.04.17-18.02.27:185][  0]LogPakFile: Registered encryption key '00000000000000000000000000000000': 0 pak files mounted, 0 remain pending
[2020.04.17-18.02.27:201][  0]LogPakFile: Registered encryption key '00000000000000000000000000000000': 0 pak files mounted, 0 remain pending
[2020.04.17-18.02.27:225][  0]LogPakFile: Registered encryption key '00000000000000000000000000000000': 0 pak files mounted, 0 remain pending
[2020.04.17-18.02.27:253][  0]LogPakFile: Registered encryption key '00000000000000000000000000000000': 0 pak files mounted, 0 remain pending
[2020.04.17-18.02.27:271][  0]LogPakFile: Registered encryption key '00000000000000000000000000000000': 0 pak files mounted, 0 remain pending
[2020.04.17-18.02.27:279][  0]LogPakFile: Registered encryption key '00000000000000000000000000000000': 0 pak files mounted, 0 remain pending
[2020.04.17-18.02.28:787][  0]LogContentBrowser: Native class hierarchy updated for 'AddContentDialog' in 0.0010 seconds. Added 0 classes and 0 folders.
[2020.04.17-18.02.28:879][  0]LogContentBrowser: Native class hierarchy updated for 'SceneOutliner' in 0.0009 seconds. Added 1 classes and 2 folders.
[2020.04.17-18.02.29:253][  0]LogSlate: Took 0.039315 seconds to synchronously load lazily loaded font '../../../Engine/Content/Slate/Fonts/Roboto-Regular.ttf' (155K)
[2020.04.17-18.02.29:306][  0]LogSlate: Took 0.050883 seconds to synchronously load lazily loaded font '../../../Engine/Content/Slate/Fonts/Roboto-Bold.ttf' (160K)
[2020.04.17-18.02.29:342][  0]LogSlate: Took 0.016704 seconds to synchronously load lazily loaded font '../../../Engine/Content/Editor/Slate/Fonts/FontAwesome.ttf' (139K)
[2020.04.17-18.02.29:903][  0]LogRenderer: Reallocating scene render targets to support 1296x552 Format 10 NumSamples 1 (Frame:1).
[2020.04.17-18.02.30:350][  0]LogContentBrowser: Native class hierarchy updated for 'HierarchicalLODOutliner' in 0.0011 seconds. Added 0 classes and 0 folders.
[2020.04.17-18.02.30:350][  0]LogLoad: (Engine Initialization) Total time: 157.62 seconds
[2020.04.17-18.02.30:350][  0]LogLoad: (Engine Initialization) Total Blueprint compile time: 0.00 seconds
[2020.04.17-18.02.30:518][  0]LogContentStreaming: Texture pool size now 1000 MB
[2020.04.17-18.02.30:744][  0]LogSlate: Took 0.019257 seconds to synchronously load lazily loaded font '../../../Engine/Content/Slate/Fonts/Roboto-Light.ttf' (167K)
[2020.04.17-18.02.30:835][  1]LogAssetRegistry: Asset discovery search completed in 76.7170 seconds
[2020.04.17-18.02.30:853][  1]LogCollectionManager: Rebuilt the object cache for 0 collections in 0.000000 seconds (found 0 objects)
[2020.04.17-18.02.30:853][  1]LogCollectionManager: Fixed up redirectors for 0 collections in 0.000107 seconds (updated 0 objects)
[2020.04.17-18.14.06:092][407]LogSlate: FSceneViewport::OnFocusLost() reason 0
[2020.04.17-18.14.48:873][883]LogSlate: Took 0.000877 seconds to synchronously load lazily loaded font '../../../Engine/Content/Slate/Fonts/Roboto-Light.ttf' (167K)
[2020.04.17-18.14.48:924][883]LogAssetEditorManager: Opening Asset editor for World /Game/Levels/DS_LB.DS_LB
[2020.04.17-18.14.48:947][883]LogUObjectHash: Compacting FUObjectHashTables data took   1.56ms
[2020.04.17-18.14.50:511][883]LogSlate: Window 'Save Content' being destroyed
[2020.04.17-18.14.50:524][883]Cmd: OBJ SAVEPACKAGE PACKAGE="/Game/Levels/DS_LB" FILE="G:/GAM140-3DLevelDesign/RPG_LevelDesign/Content/Levels/DS_LB.umap" SILENT=true AUTOSAVING=false KEEPDIRTY=false
[2020.04.17-18.14.50:569][883]LogUObjectHash: Compacting FUObjectHashTables data took   0.66ms
[2020.04.17-18.14.50:649][883]LogSavePackage: Moving 'G:/GAM140-3DLevelDesign/RPG_LevelDesign/Saved/DS_LB1074770F4DD36EB2E2559795F9F92C5E.tmp' to 'G:/GAM140-3DLevelDesign/RPG_LevelDesign/Content/Levels/DS_LB.umap'
[2020.04.17-18.14.50:725][883]LogFileHelpers: Saving map 'DS_LB' took 0.203
[2020.04.17-18.14.50:744][883]Cmd: MAP LOAD FILE="G:/GAM140-3DLevelDesign/RPG_LevelDesign/Content/Levels/DS_LB.umap" TEMPLATE=0 SHOWPROGRESS=1 FEATURELEVEL=3
[2020.04.17-18.14.50:744][883]LightingResults: New page: Lighting Build
[2020.04.17-18.14.50:745][883]LoadErrors: New page: Loading map: DS_LB.umap
[2020.04.17-18.14.50:746][883]MapCheck: New page: Map Check
[2020.04.17-18.14.50:746][883]LightingResults: New page: Lighting Build
[2020.04.17-18.14.50:803][883]LogUObjectHash: Compacting FUObjectHashTables data took   1.66ms
[2020.04.17-18.14.50:823][883]LogEditorServer: Finished looking for orphan Actors (0.000 secs)
[2020.04.17-18.14.50:823][883]LogAIModule: Creating AISystem for world DS_LB
[2020.04.17-18.14.50:845][883]LogUObjectHash: Compacting FUObjectHashTables data took   1.09ms
[2020.04.17-18.14.50:861][883]Cmd: MAP CHECKDEP NOCLEARLOG
[2020.04.17-18.14.50:862][883]MapCheck: Map check complete: 0 Error(s), 0 Warning(s), took 0.108ms to complete.
[2020.04.17-18.14.50:862][883]LogFileHelpers: Loading map 'DS_LB' took 0.126
[2020.04.17-18.15.13:005][460]LogSlate: FSceneViewport::OnFocusLost() reason 0
[2020.04.17-18.15.17:374][944]LogSlate: FSceneViewport::OnFocusLost() reason 0
[2020.04.17-18.15.22:956][561]LogSlate: FSceneViewport::OnFocusLost() reason 0
[2020.04.17-18.16.08:536][990]LogSlate: FSceneViewport::OnFocusLost() reason 2
[2020.04.17-18.16.08:548][990]Cmd: OBJ SAVEPACKAGE PACKAGE="/Game/Levels/DS_LB" FILE="G:/GAM140-3DLevelDesign/RPG_LevelDesign/Content/Levels/DS_LB.umap" SILENT=true AUTOSAVING=false KEEPDIRTY=false
[2020.04.17-18.16.08:610][990]LogUObjectHash: Compacting FUObjectHashTables data took   1.38ms
[2020.04.17-18.16.08:833][990]LogSavePackage: Moving 'G:/GAM140-3DLevelDesign/RPG_LevelDesign/Saved/DS_LB3177E4754D2298FA216ED795E765B3F4.tmp' to 'G:/GAM140-3DLevelDesign/RPG_LevelDesign/Content/Levels/DS_LB.umap'
[2020.04.17-18.16.11:149][244]LogSlate: FSceneViewport::OnFocusLost() reason 0
[2020.04.17-18.16.13:131][467]Cmd: BRUSH ADD SELECTNEWBRUSH
[2020.04.17-18.16.23:063][566]LogSlate: FSceneViewport::OnFocusLost() reason 0
[2020.04.17-18.16.23:129][574]LogTemp: Repeating last play command: Selected Viewport
[2020.04.17-18.16.23:162][574]LogBlueprintUserMessages: Early PlayInEditor Detection: Level '/Game/Levels/DS_LB.DS_LB:PersistentLevel' has LevelScriptBlueprint '/Game/Levels/DS_LB.DS_LB:PersistentLevel.DS_LB' with GeneratedClass '/Game/Levels/DS_LB.DS_LB_C' with ClassGeneratedBy '/Game/Levels/DS_LB.DS_LB:PersistentLevel.DS_LB'
[2020.04.17-18.16.23:170][574]LogPlayLevel: PlayLevel: No blueprints needed recompiling
[2020.04.17-18.16.23:188][574]PIE: New page: PIE session: DS_LB (17 Apr 2020 20:16:23)
[2020.04.17-18.16.23:216][574]LogPlayLevel: Creating play world package: /Game/Levels/UEDPIE_0_DS_LB
[2020.04.17-18.16.23:220][574]LogPlayLevel: PIE: StaticDuplicateObject took: (0.003375s)
[2020.04.17-18.16.23:220][574]LogAIModule: Creating AISystem for world DS_LB
[2020.04.17-18.16.23:221][574]LogPlayLevel: PIE: World Init took: (0.000635s)
[2020.04.17-18.16.23:221][574]LogPlayLevel: PIE: Created PIE world by copying editor world from /Game/Levels/DS_LB.DS_LB to /Game/Levels/UEDPIE_0_DS_LB.DS_LB (0.004358s)
[2020.04.17-18.16.23:243][574]LogUObjectHash: Compacting FUObjectHashTables data took   1.91ms
[2020.04.17-18.16.23:408][574]LogInit: XAudio2 using 'Speakers (Realtek High Definition Audio)' : 6 channels at 48 kHz using 16 bits per sample (channel mask 0x3f)
[2020.04.17-18.16.23:502][574]LogInit: FAudioDevice initialized.
[2020.04.17-18.16.23:554][574]LogLoad: Game class is 'FirstPersonGameMode_C'
[2020.04.17-18.16.23:575][574]LogWorld: Bringing World /Game/Levels/UEDPIE_0_DS_LB.DS_LB up for play (max tick rate 0) at 2020.04.17-19.16.23
[2020.04.17-18.16.23:575][574]LogWorld: Bringing up level for play took: 0.000588
[2020.04.17-18.16.23:649][574]LogContentBrowser: Native class hierarchy updated for 'MovieSceneCapture' in 0.0011 seconds. Added 20 classes and 0 folders.
[2020.04.17-18.16.23:669][574]PIE: Play in editor start time for /Game/Levels/UEDPIE_0_DS_LB -0.467
[2020.04.17-18.16.23:670][574]LogBlueprintUserMessages: Late PlayInEditor Detection: Level '/Game/Levels/DS_LB.DS_LB:PersistentLevel' has LevelScriptBlueprint '/Game/Levels/DS_LB.DS_LB:PersistentLevel.DS_LB' with GeneratedClass '/Game/Levels/DS_LB.DS_LB_C' with ClassGeneratedBy '/Game/Levels/DS_LB.DS_LB:PersistentLevel.DS_LB'
[2020.04.17-18.16.25:275][749]LogBlueprintUserMessages: Early EndPlayMap Detection: Level '/Game/Levels/DS_LB.DS_LB:PersistentLevel' has LevelScriptBlueprint '/Game/Levels/DS_LB.DS_LB:PersistentLevel.DS_LB' with GeneratedClass '/Game/Levels/DS_LB.DS_LB_C' with ClassGeneratedBy '/Game/Levels/DS_LB.DS_LB:PersistentLevel.DS_LB'
[2020.04.17-18.16.25:276][749]LogSlate: Updating window title bar state: overlay mode, drag disabled, window buttons hidden, title bar hidden
[2020.04.17-18.16.25:323][749]LogPlayLevel: Display: Shutting down PIE online subsystems
[2020.04.17-18.16.25:323][749]LogBlueprintUserMessages: Late EndPlayMap Detection: Level '/Game/Levels/DS_LB.DS_LB:PersistentLevel' has LevelScriptBlueprint '/Game/Levels/DS_LB.DS_LB:PersistentLevel.DS_LB' with GeneratedClass '/Game/Levels/DS_LB.DS_LB_C' with ClassGeneratedBy '/Game/Levels/DS_LB.DS_LB:PersistentLevel.DS_LB'
[2020.04.17-18.16.25:350][749]LogSlate: Updating window title bar state: overlay mode, drag disabled, window buttons hidden, title bar hidden
[2020.04.17-18.16.25:353][749]LogUObjectHash: Compacting FUObjectHashTables data took   1.75ms
[2020.04.17-18.16.25:379][751]LogPlayLevel: Display: Destroying online subsystem :Context_2
[2020.04.17-18.16.26:586][895]LogSlate: FSceneViewport::OnFocusLost() reason 0
[2020.04.17-18.16.37:144][110]LogSlate: FSceneViewport::OnFocusLost() reason 0
[2020.04.17-18.16.37:202][117]LogTemp: Repeating last play command: Selected Viewport
[2020.04.17-18.16.37:209][117]LogBlueprintUserMessages: Early PlayInEditor Detection: Level '/Game/Levels/DS_LB.DS_LB:PersistentLevel' has LevelScriptBlueprint '/Game/Levels/DS_LB.DS_LB:PersistentLevel.DS_LB' with GeneratedClass '/Game/Levels/DS_LB.DS_LB_C' with ClassGeneratedBy '/Game/Levels/DS_LB.DS_LB:PersistentLevel.DS_LB'
[2020.04.17-18.16.37:210][117]LogPlayLevel: PlayLevel: No blueprints needed recompiling
[2020.04.17-18.16.37:210][117]PIE: New page: PIE session: DS_LB (17 Apr 2020 20:16:37)
[2020.04.17-18.16.37:210][117]LogPlayLevel: Creating play world package: /Game/Levels/UEDPIE_0_DS_LB
[2020.04.17-18.16.37:213][117]LogPlayLevel: PIE: StaticDuplicateObject took: (0.003238s)
[2020.04.17-18.16.37:213][117]LogAIModule: Creating AISystem for world DS_LB
[2020.04.17-18.16.37:214][117]LogPlayLevel: PIE: World Init took: (0.000532s)
[2020.04.17-18.16.37:214][117]LogPlayLevel: PIE: Created PIE world by copying editor world from /Game/Levels/DS_LB.DS_LB to /Game/Levels/UEDPIE_0_DS_LB.DS_LB (0.003861s)
[2020.04.17-18.16.37:234][117]LogUObjectHash: Compacting FUObjectHashTables data took   1.04ms
[2020.04.17-18.16.37:397][117]LogInit: XAudio2 using 'Speakers (Realtek High Definition Audio)' : 6 channels at 48 kHz using 16 bits per sample (channel mask 0x3f)
[2020.04.17-18.16.37:487][117]LogInit: FAudioDevice initialized.
[2020.04.17-18.16.37:521][117]LogLoad: Game class is 'FirstPersonGameMode_C'
[2020.04.17-18.16.37:522][117]LogWorld: Bringing World /Game/Levels/UEDPIE_0_DS_LB.DS_LB up for play (max tick rate 0) at 2020.04.17-19.16.37
[2020.04.17-18.16.37:522][117]LogWorld: Bringing up level for play took: 0.000636
[2020.04.17-18.16.37:610][117]PIE: Play in editor start time for /Game/Levels/UEDPIE_0_DS_LB -0.526
[2020.04.17-18.16.37:617][117]LogBlueprintUserMessages: Late PlayInEditor Detection: Level '/Game/Levels/DS_LB.DS_LB:PersistentLevel' has LevelScriptBlueprint '/Game/Levels/DS_LB.DS_LB:PersistentLevel.DS_LB' with GeneratedClass '/Game/Levels/DS_LB.DS_LB_C' with ClassGeneratedBy '/Game/Levels/DS_LB.DS_LB:PersistentLevel.DS_LB'
[2020.04.17-18.16.45:118][  9]LogBlueprintUserMessages: Early EndPlayMap Detection: Level '/Game/Levels/DS_LB.DS_LB:PersistentLevel' has LevelScriptBlueprint '/Game/Levels/DS_LB.DS_LB:PersistentLevel.DS_LB' with GeneratedClass '/Game/Levels/DS_LB.DS_LB_C' with ClassGeneratedBy '/Game/Levels/DS_LB.DS_LB:PersistentLevel.DS_LB'
[2020.04.17-18.16.45:118][  9]LogSlate: Updating window title bar state: overlay mode, drag disabled, window buttons hidden, title bar hidden
[2020.04.17-18.16.45:151][  9]LogPlayLevel: Display: Shutting down PIE online subsystems
[2020.04.17-18.16.45:151][  9]LogBlueprintUserMessages: Late EndPlayMap Detection: Level '/Game/Levels/DS_LB.DS_LB:PersistentLevel' has LevelScriptBlueprint '/Game/Levels/DS_LB.DS_LB:PersistentLevel.DS_LB' with GeneratedClass '/Game/Levels/DS_LB.DS_LB_C' with ClassGeneratedBy '/Game/Levels/DS_LB.DS_LB:PersistentLevel.DS_LB'
[2020.04.17-18.16.45:179][  9]LogSlate: Updating window title bar state: overlay mode, drag disabled, window buttons hidden, title bar hidden
[2020.04.17-18.16.45:182][  9]LogUObjectHash: Compacting FUObjectHashTables data took   1.34ms
[2020.04.17-18.16.45:226][ 13]LogPlayLevel: Display: Destroying online subsystem :Context_3
[2020.04.17-18.16.48:190][358]LogSlate: FSceneViewport::OnFocusLost() reason 0
[2020.04.17-18.16.48:835][435]LogEditorViewport: Clicking on Actor (LMB): SkyLight (SkyLight)
[2020.04.17-18.16.52:845][835]LogEditorViewport: Clicking on Actor (LMB): BP_Sky_Sphere_C (BP_Sky_Sphere)
[2020.04.17-18.17.03:002][994]LogConsoleManager: Warning: Console object named 'ActorComponents.Enable' already exists but is being registered again, but we weren't expected it to be! (FConsoleManager::AddConsoleObject)
[2020.04.17-18.17.03:009][994]LogSlate: FSceneViewport::OnFocusLost() reason 2
[2020.04.17-18.17.06:661][397]LogEditorViewport: Clicking on Actor (LMB): DirectionalLight (DirectionalLight)
[2020.04.17-18.17.20:797][973]LogSlate: FSceneViewport::OnFocusLost() reason 0
[2020.04.17-18.17.22:481][ 18]LogTexture: Display: Building textures: Texture2D_2 (G8, 128X128)
[2020.04.17-18.17.24:384][159]LogActorComponent: UnregisterComponent: (/Engine/Transient.SphereBrushComponent) Not registered. Aborting.
[2020.04.17-18.17.33:938][120]Cmd: TRANSACTION UNDO
[2020.04.17-18.17.33:938][120]LogEditorTransaction: Undo Move Actors
[2020.04.17-18.17.33:941][120]LogGeometryMode: Warning: Unable to find 1 Poly(s) in new BSP
[2020.04.17-18.17.33:941][120]LogGeometryMode: Warning: Unable to resolve BoxBrush Brush in new BSP, see above
[2020.04.17-18.17.33:941][120]LogGeometryMode: Warning: Unable to find all previously selected geometry data, resetting selection
[2020.04.17-18.17.39:852][810]LogEditorViewport: Clicking on Actor (LMB): BP_Sky_Sphere_C (BP_Sky_Sphere)
[2020.04.17-18.17.44:955][ 44]LogSlate: FSceneViewport::OnFocusLost() reason 0
[2020.04.17-18.17.46:396][180]LogSlate: FSceneViewport::OnFocusLost() reason 2
[2020.04.17-18.17.46:402][180]Cmd: OBJ SAVEPACKAGE PACKAGE="/Game/Levels/DS_LB" FILE="G:/GAM140-3DLevelDesign/RPG_LevelDesign/Content/Levels/DS_LB.umap" SILENT=true AUTOSAVING=false KEEPDIRTY=false
[2020.04.17-18.17.46:427][180]LogUObjectHash: Compacting FUObjectHashTables data took   1.50ms
[2020.04.17-18.17.46:533][180]LogSavePackage: Moving 'G:/GAM140-3DLevelDesign/RPG_LevelDesign/Saved/DS_LBC0B9A35347FD325A7861989CDEB74C90.tmp' to 'G:/GAM140-3DLevelDesign/RPG_LevelDesign/Content/Levels/DS_LB.umap'
[2020.04.17-18.17.49:240][441]LogSlate: FSceneViewport::OnFocusLost() reason 0
[2020.04.17-18.17.52:512][821]LogEditorViewport: Clicking on Actor (LMB): BP_Sky_Sphere_C (BP_Sky_Sphere)
[2020.04.17-18.18.39:635][ 91]LogFactory: FactoryCreateFile: Texture with ReimportTextureFactory (0 0 C:\Users\georg\Downloads\altdev_generic09.png)
[2020.04.17-18.18.39:640][ 91]LogTexture: Display: Building textures: altdev_generic09 (AutoDXT, 128X128)
[2020.04.17-18.18.39:720][ 91]LogFactory: FactoryCreateFile: Texture with ReimportTextureFactory (0 0 C:\Users\georg\Downloads\altdev_generic14.png)
[2020.04.17-18.18.39:725][ 91]LogTexture: Display: Building textures: altdev_generic14 (AutoDXT, 128X128)
[2020.04.17-18.18.39:735][ 91]LogFactory: FactoryCreateFile: Texture with ReimportTextureFactory (0 0 C:\Users\georg\Downloads\altdev_generic13.png)
[2020.04.17-18.18.39:739][ 91]LogTexture: Display: Building textures: altdev_generic13 (AutoDXT, 128X128)
[2020.04.17-18.18.39:749][ 91]LogFactory: FactoryCreateFile: Texture with ReimportTextureFactory (0 0 C:\Users\georg\Downloads\altdev_generic12.png)
[2020.04.17-18.18.39:754][ 91]LogTexture: Display: Building textures: altdev_generic12 (AutoDXT, 128X128)
[2020.04.17-18.18.39:764][ 91]LogFactory: FactoryCreateFile: Texture with ReimportTextureFactory (0 0 C:\Users\georg\Downloads\altdev_generic11.png)
[2020.04.17-18.18.39:767][ 91]LogTexture: Display: Building textures: altdev_generic11 (AutoDXT, 128X128)
[2020.04.17-18.18.39:779][ 91]LogFactory: FactoryCreateFile: Texture with ReimportTextureFactory (0 0 C:\Users\georg\Downloads\altdev_generic10.png)
[2020.04.17-18.18.39:783][ 91]LogTexture: Display: Building textures: altdev_generic10 (AutoDXT, 128X128)
[2020.04.17-18.18.39:794][ 91]LogFactory: FactoryCreateFile: Texture with ReimportTextureFactory (0 0 C:\Users\georg\Downloads\altdev_generic02.png)
[2020.04.17-18.18.39:798][ 91]LogTexture: Display: Building textures: altdev_generic02 (AutoDXT, 128X128)
[2020.04.17-18.18.39:809][ 91]LogFactory: FactoryCreateFile: Texture with ReimportTextureFactory (0 0 C:\Users\georg\Downloads\altdev_generic03.png)
[2020.04.17-18.18.39:813][ 91]LogTexture: Display: Building textures: altdev_generic03 (AutoDXT, 128X128)
[2020.04.17-18.18.39:823][ 91]LogFactory: FactoryCreateFile: Texture with ReimportTextureFactory (0 0 C:\Users\georg\Downloads\altdev_generic07.png)
[2020.04.17-18.18.39:827][ 91]LogTexture: Display: Building textures: altdev_generic07 (AutoDXT, 128X128)
[2020.04.17-18.18.39:837][ 91]LogFactory: FactoryCreateFile: Texture with ReimportTextureFactory (0 0 C:\Users\georg\Downloads\altdev_generic05.png)
[2020.04.17-18.18.39:840][ 91]LogTexture: Display: Building textures: altdev_generic05 (AutoDXT, 128X128)
[2020.04.17-18.18.39:852][ 91]LogFactory: FactoryCreateFile: Texture with ReimportTextureFactory (0 0 C:\Users\georg\Downloads\altdev_generic01.png)
[2020.04.17-18.18.39:856][ 91]LogTexture: Display: Building textures: altdev_generic01 (AutoDXT, 128X128)
[2020.04.17-18.18.39:866][ 91]LogFactory: FactoryCreateFile: Texture with ReimportTextureFactory (0 0 C:\Users\georg\Downloads\altdev_generic08.png)
[2020.04.17-18.18.39:870][ 91]LogTexture: Display: Building textures: altdev_generic08 (AutoDXT, 128X128)
[2020.04.17-18.18.39:880][ 91]LogFactory: FactoryCreateFile: Texture with ReimportTextureFactory (0 0 C:\Users\georg\Downloads\altdev_generic04.png)
[2020.04.17-18.18.39:883][ 91]LogTexture: Display: Building textures: altdev_generic04 (AutoDXT, 128X128)
[2020.04.17-18.18.39:896][ 91]LogFactory: FactoryCreateFile: Texture with ReimportTextureFactory (0 0 C:\Users\georg\Downloads\altdev_generic06.png)
[2020.04.17-18.18.39:898][ 91]LogTexture: Display: Building textures: altdev_generic06 (AutoDXT, 128X128)
[2020.04.17-18.18.39:908][ 91]LogFactory: FactoryCreateFile: Texture with ReimportTextureFactory (0 0 C:\Users\georg\Downloads\altdev_generic16.png)
[2020.04.17-18.18.39:912][ 91]LogTexture: Display: Building textures: altdev_generic16 (AutoDXT, 128X128)
[2020.04.17-18.18.39:923][ 91]LogFactory: FactoryCreateFile: Texture with ReimportTextureFactory (0 0 C:\Users\georg\Downloads\altdev_generic15.png)
[2020.04.17-18.18.39:925][ 91]LogTexture: Display: Building textures: altdev_generic15 (AutoDXT, 128X128)
[2020.04.17-18.18.39:997][ 91]LogSlate: FSceneViewport::OnFocusLost() reason 2
[2020.04.17-18.19.14:473][925]Cmd: OBJ SAVEPACKAGE PACKAGE="/Game/Art/altdev_generic01" FILE="G:/GAM140-3DLevelDesign/RPG_LevelDesign/Content/Art/altdev_generic01.uasset" SILENT=true
[2020.04.17-18.19.14:481][925]LogSavePackage: Moving 'G:/GAM140-3DLevelDesign/RPG_LevelDesign/Saved/altdev_generic0106B09FBF4257DDEE6DFE35A4124D48CF.tmp' to 'G:/GAM140-3DLevelDesign/RPG_LevelDesign/Content/Art/altdev_generic01.uasset'
[2020.04.17-18.19.14:495][925]Cmd: OBJ SAVEPACKAGE PACKAGE="/Game/Art/altdev_generic02" FILE="G:/GAM140-3DLevelDesign/RPG_LevelDesign/Content/Art/altdev_generic02.uasset" SILENT=true
[2020.04.17-18.19.14:503][925]LogSavePackage: Moving 'G:/GAM140-3DLevelDesign/RPG_LevelDesign/Saved/altdev_generic02FAA984D445F38A1C382BED89BBF7D58A.tmp' to 'G:/GAM140-3DLevelDesign/RPG_LevelDesign/Content/Art/altdev_generic02.uasset'
[2020.04.17-18.19.14:517][925]Cmd: OBJ SAVEPACKAGE PACKAGE="/Game/Art/altdev_generic03" FILE="G:/GAM140-3DLevelDesign/RPG_LevelDesign/Content/Art/altdev_generic03.uasset" SILENT=true
[2020.04.17-18.19.14:526][925]LogSavePackage: Moving 'G:/GAM140-3DLevelDesign/RPG_LevelDesign/Saved/altdev_generic03C427E1504A13D47C51917BBFB0E9EE94.tmp' to 'G:/GAM140-3DLevelDesign/RPG_LevelDesign/Content/Art/altdev_generic03.uasset'
[2020.04.17-18.19.14:541][925]Cmd: OBJ SAVEPACKAGE PACKAGE="/Game/Art/altdev_generic04" FILE="G:/GAM140-3DLevelDesign/RPG_LevelDesign/Content/Art/altdev_generic04.uasset" SILENT=true
[2020.04.17-18.19.14:549][925]LogSavePackage: Moving 'G:/GAM140-3DLevelDesign/RPG_LevelDesign/Saved/altdev_generic04D22436F6489A03CF5227BAAD5EA41616.tmp' to 'G:/GAM140-3DLevelDesign/RPG_LevelDesign/Content/Art/altdev_generic04.uasset'
[2020.04.17-18.19.14:566][925]Cmd: OBJ SAVEPACKAGE PACKAGE="/Game/Art/altdev_generic05" FILE="G:/GAM140-3DLevelDesign/RPG_LevelDesign/Content/Art/altdev_generic05.uasset" SILENT=true
[2020.04.17-18.19.14:575][925]LogSavePackage: Moving 'G:/GAM140-3DLevelDesign/RPG_LevelDesign/Saved/altdev_generic05A92D9A0949146B68C5F8A2877E038AE1.tmp' to 'G:/GAM140-3DLevelDesign/RPG_LevelDesign/Content/Art/altdev_generic05.uasset'
[2020.04.17-18.19.14:589][925]Cmd: OBJ SAVEPACKAGE PACKAGE="/Game/Art/altdev_generic06" FILE="G:/GAM140-3DLevelDesign/RPG_LevelDesign/Content/Art/altdev_generic06.uasset" SILENT=true
[2020.04.17-18.19.14:598][925]LogSavePackage: Moving 'G:/GAM140-3DLevelDesign/RPG_LevelDesign/Saved/altdev_generic062325BDDE4CD887686FA987B643A6D834.tmp' to 'G:/GAM140-3DLevelDesign/RPG_LevelDesign/Content/Art/altdev_generic06.uasset'
[2020.04.17-18.19.14:612][925]Cmd: OBJ SAVEPACKAGE PACKAGE="/Game/Art/altdev_generic07" FILE="G:/GAM140-3DLevelDesign/RPG_LevelDesign/Content/Art/altdev_generic07.uasset" SILENT=true
[2020.04.17-18.19.14:621][925]LogSavePackage: Moving 'G:/GAM140-3DLevelDesign/RPG_LevelDesign/Saved/altdev_generic07D1F34D4D467A9C173FEE76B202FC97AC.tmp' to 'G:/GAM140-3DLevelDesign/RPG_LevelDesign/Content/Art/altdev_generic07.uasset'
[2020.04.17-18.19.14:634][925]Cmd: OBJ SAVEPACKAGE PACKAGE="/Game/Art/altdev_generic08" FILE="G:/GAM140-3DLevelDesign/RPG_LevelDesign/Content/Art/altdev_generic08.uasset" SILENT=true
[2020.04.17-18.19.14:642][925]LogSavePackage: Moving 'G:/GAM140-3DLevelDesign/RPG_LevelDesign/Saved/altdev_generic08A00998D942B683815A81AC81DFE5AF1C.tmp' to 'G:/GAM140-3DLevelDesign/RPG_LevelDesign/Content/Art/altdev_generic08.uasset'
[2020.04.17-18.19.14:655][925]Cmd: OBJ SAVEPACKAGE PACKAGE="/Game/Art/altdev_generic09" FILE="G:/GAM140-3DLevelDesign/RPG_LevelDesign/Content/Art/altdev_generic09.uasset" SILENT=true
[2020.04.17-18.19.14:664][925]LogSavePackage: Moving 'G:/GAM140-3DLevelDesign/RPG_LevelDesign/Saved/altdev_generic0998A7789045284805F00DFBB5BEB41E8E.tmp' to 'G:/GAM140-3DLevelDesign/RPG_LevelDesign/Content/Art/altdev_generic09.uasset'
[2020.04.17-18.19.14:681][925]Cmd: OBJ SAVEPACKAGE PACKAGE="/Game/Art/altdev_generic10" FILE="G:/GAM140-3DLevelDesign/RPG_LevelDesign/Content/Art/altdev_generic10.uasset" SILENT=true
[2020.04.17-18.19.14:691][925]LogSavePackage: Moving 'G:/GAM140-3DLevelDesign/RPG_LevelDesign/Saved/altdev_generic104DFE7397479F5C107A491EB25D15EE97.tmp' to 'G:/GAM140-3DLevelDesign/RPG_LevelDesign/Content/Art/altdev_generic10.uasset'
[2020.04.17-18.19.14:704][925]Cmd: OBJ SAVEPACKAGE PACKAGE="/Game/Art/altdev_generic11" FILE="G:/GAM140-3DLevelDesign/RPG_LevelDesign/Content/Art/altdev_generic11.uasset" SILENT=true
[2020.04.17-18.19.14:712][925]LogSavePackage: Moving 'G:/GAM140-3DLevelDesign/RPG_LevelDesign/Saved/altdev_generic11B7A53AFC4BBC9F2493AB33BD276E5217.tmp' to 'G:/GAM140-3DLevelDesign/RPG_LevelDesign/Content/Art/altdev_generic11.uasset'
[2020.04.17-18.19.14:725][925]Cmd: OBJ SAVEPACKAGE PACKAGE="/Game/Art/altdev_generic12" FILE="G:/GAM140-3DLevelDesign/RPG_LevelDesign/Content/Art/altdev_generic12.uasset" SILENT=true
[2020.04.17-18.19.14:733][925]LogSavePackage: Moving 'G:/GAM140-3DLevelDesign/RPG_LevelDesign/Saved/altdev_generic12DF847FAC495857CF06F6C181ACBD99A7.tmp' to 'G:/GAM140-3DLevelDesign/RPG_LevelDesign/Content/Art/altdev_generic12.uasset'
[2020.04.17-18.19.14:747][925]Cmd: OBJ SAVEPACKAGE PACKAGE="/Game/Art/altdev_generic13" FILE="G:/GAM140-3DLevelDesign/RPG_LevelDesign/Content/Art/altdev_generic13.uasset" SILENT=true
[2020.04.17-18.19.14:755][925]LogSavePackage: Moving 'G:/GAM140-3DLevelDesign/RPG_LevelDesign/Saved/altdev_generic134610E1704881949F792E4AABF6D7C9CB.tmp' to 'G:/GAM140-3DLevelDesign/RPG_LevelDesign/Content/Art/altdev_generic13.uasset'
[2020.04.17-18.19.14:769][925]Cmd: OBJ SAVEPACKAGE PACKAGE="/Game/Art/altdev_generic14" FILE="G:/GAM140-3DLevelDesign/RPG_LevelDesign/Content/Art/altdev_generic14.uasset" SILENT=true
[2020.04.17-18.19.14:777][925]LogSavePackage: Moving 'G:/GAM140-3DLevelDesign/RPG_LevelDesign/Saved/altdev_generic14866671C14621332F3A983EB91E4050A8.tmp' to 'G:/GAM140-3DLevelDesign/RPG_LevelDesign/Content/Art/altdev_generic14.uasset'
[2020.04.17-18.19.14:791][925]Cmd: OBJ SAVEPACKAGE PACKAGE="/Game/Art/altdev_generic15" FILE="G:/GAM140-3DLevelDesign/RPG_LevelDesign/Content/Art/altdev_generic15.uasset" SILENT=true
[2020.04.17-18.19.14:799][925]LogSavePackage: Moving 'G:/GAM140-3DLevelDesign/RPG_LevelDesign/Saved/altdev_generic15CF1C87B7423A63950022C09F35201FD0.tmp' to 'G:/GAM140-3DLevelDesign/RPG_LevelDesign/Content/Art/altdev_generic15.uasset'
[2020.04.17-18.19.14:813][925]Cmd: OBJ SAVEPACKAGE PACKAGE="/Game/Art/altdev_generic16" FILE="G:/GAM140-3DLevelDesign/RPG_LevelDesign/Content/Art/altdev_generic16.uasset" SILENT=true
[2020.04.17-18.19.14:819][925]LogSavePackage: Moving 'G:/GAM140-3DLevelDesign/RPG_LevelDesign/Saved/altdev_generic167C544861440D94B10D1F6690AF138D31.tmp' to 'G:/GAM140-3DLevelDesign/RPG_LevelDesign/Content/Art/altdev_generic16.uasset'
[2020.04.17-18.19.15:755][925]LogUObjectHash: Compacting FUObjectHashTables data took   2.01ms
[2020.04.17-18.19.15:774][925]LogUObjectHash: Compacting FUObjectHashTables data took   0.53ms
[2020.04.17-18.19.15:796][925]LogUObjectHash: Compacting FUObjectHashTables data took   0.67ms
[2020.04.17-18.19.15:817][925]LogUObjectHash: Compacting FUObjectHashTables data took   0.80ms
[2020.04.17-18.19.15:837][925]LogUObjectHash: Compacting FUObjectHashTables data took   0.61ms
[2020.04.17-18.19.15:856][925]LogUObjectHash: Compacting FUObjectHashTables data took   0.56ms
[2020.04.17-18.19.15:875][925]LogUObjectHash: Compacting FUObjectHashTables data took   0.58ms
[2020.04.17-18.19.15:897][925]LogUObjectHash: Compacting FUObjectHashTables data took   0.64ms
[2020.04.17-18.19.15:917][925]LogUObjectHash: Compacting FUObjectHashTables data took   0.58ms
[2020.04.17-18.19.15:937][925]LogUObjectHash: Compacting FUObjectHashTables data took   0.62ms
[2020.04.17-18.19.15:957][925]LogUObjectHash: Compacting FUObjectHashTables data took   0.58ms
[2020.04.17-18.19.15:977][925]LogUObjectHash: Compacting FUObjectHashTables data took   0.56ms
[2020.04.17-18.19.15:998][925]LogUObjectHash: Compacting FUObjectHashTables data took   0.61ms
[2020.04.17-18.19.16:018][925]LogUObjectHash: Compacting FUObjectHashTables data took   0.64ms
[2020.04.17-18.19.16:040][925]LogUObjectHash: Compacting FUObjectHashTables data took   0.63ms
[2020.04.17-18.19.16:061][925]LogUObjectHash: Compacting FUObjectHashTables data took   0.64ms
[2020.04.17-18.19.16:087][925]LogUObjectHash: Compacting FUObjectHashTables data took   1.55ms
[2020.04.17-18.19.16:108][925]LogUObjectHash: Compacting FUObjectHashTables data took   0.61ms
[2020.04.17-18.19.20:462][421]Cmd: OBJ SAVEPACKAGE PACKAGE="/Game/Levels/DS_LB" FILE="G:/GAM140-3DLevelDesign/RPG_LevelDesign/Content/Levels/DS_LB.umap" SILENT=true AUTOSAVING=false KEEPDIRTY=false
[2020.04.17-18.19.20:489][421]LogUObjectHash: Compacting FUObjectHashTables data took   0.59ms
[2020.04.17-18.19.20:593][421]LogSavePackage: Moving 'G:/GAM140-3DLevelDesign/RPG_LevelDesign/Saved/DS_LBEF6C6DF840D2DCE8888F1AA0E6FD94D0.tmp' to 'G:/GAM140-3DLevelDesign/RPG_LevelDesign/Content/Levels/DS_LB.umap'
[2020.04.17-18.19.23:558][752]LogSlate: FSceneViewport::OnFocusLost() reason 2
[2020.04.17-18.19.24:588][871]LogEditorViewport: Clicking on Actor (LMB): BP_Sky_Sphere_C (BP_Sky_Sphere)
[2020.04.17-18.19.25:293][944]LogSlate: FSceneViewport::OnFocusLost() reason 0
[2020.04.17-18.19.35:426][114]LogAssetEditorManager: Opening Asset editor for Material /Game/Art/altdev.altdev
[2020.04.17-18.19.35:462][114]LogMaterial: Display: Missing cached shader map for material altdev, compiling. 
[2020.04.17-18.19.36:463][114]LogMaterial: Display: Missing cached shader map for material altdev, compiling. 
[2020.04.17-18.19.36:480][114]LogShaderCompilers: Display: Shaders left to compile 20
[2020.04.17-18.19.36:571][114]LogSlate: Took 0.028644 seconds to synchronously load lazily loaded font '../../../Engine/Content/Slate/Fonts/Roboto-BoldCondensed.ttf' (158K)
[2020.04.17-18.19.39:048][210]LogShaderCompilers: Display: Shaders left to compile 10
[2020.04.17-18.19.41:127][306]MaterialEditorStats: Base pass shader: 107 instructions
[2020.04.17-18.19.41:127][306]MaterialEditorStats: Base pass shader with Volumetric Lightmap: 181 instructions
[2020.04.17-18.19.41:127][306]MaterialEditorStats: Base pass vertex shader: 41 instructions
[2020.04.17-18.19.41:127][306]MaterialEditorStats: Texture samplers: 3/16
[2020.04.17-18.19.43:995][546]LogMaterial: Display: Missing cached shader map for material altdev, compiling. 
[2020.04.17-18.19.44:010][546]LogMaterial: Display: Missing cached shader map for material FMatExpressionPreview MaterialExpressionTextureSample_0, compiling. 
[2020.04.17-18.19.44:021][546]LogShaderCompilers: Display: Shaders left to compile 20
[2020.04.17-18.19.44:049][546]LogMaterial: Display: Missing cached shader map for material FMatExpressionPreview MaterialExpressionTextureSample_0, compiling. 
[2020.04.17-18.19.45:185][609]LogShaderCompilers: Display: Shaders left to compile 10
[2020.04.17-18.19.46:791][692]MaterialEditorStats: Base pass shader: 107 instructions
[2020.04.17-18.19.46:791][692]MaterialEditorStats: Base pass shader with Volumetric Lightmap: 181 instructions
[2020.04.17-18.19.46:791][692]MaterialEditorStats: Base pass vertex shader: 41 instructions
[2020.04.17-18.19.46:791][692]MaterialEditorStats: Texture samplers: 3/16
[2020.04.17-18.19.55:378][443]LogMaterial: Display: Missing cached shader map for material altdev, compiling. 
[2020.04.17-18.19.55:401][443]LogShaderCompilers: Display: Shaders left to compile 20
[2020.04.17-18.19.55:401][443]LogMaterial: Display: Missing cached shader map for material FMatExpressionPreview MaterialExpressionTextureSample_0, compiling. 
[2020.04.17-18.19.56:679][516]LogShaderCompilers: Display: Shaders left to compile 10
[2020.04.17-18.19.58:261][603]MaterialEditorStats: Base pass shader: 110 instructions
[2020.04.17-18.19.58:261][603]MaterialEditorStats: Base pass shader with Volumetric Lightmap: 184 instructions
[2020.04.17-18.19.58:261][603]MaterialEditorStats: Base pass vertex shader: 45 instructions
[2020.04.17-18.19.58:261][603]MaterialEditorStats: Texture samplers: 4/16
[2020.04.17-18.19.58:261][603]MaterialEditorStats: Texture Lookups (Est.): VS(0), PS(1)
[2020.04.17-18.19.58:261][603]MaterialEditorStats: User interpolators: 2/4 Scalars (1/4 Vectors) (TexCoords: 2, Custom: 0)
[2020.04.17-18.20.04:815][164]LogMaterial: Display: Missing cached shader map for material altdev, compiling. 
[2020.04.17-18.20.04:829][164]LogShaderCompilers: Display: Shaders left to compile 20
[2020.04.17-18.20.04:829][164]LogMaterial: Display: Missing cached shader map for material FMatExpressionPreview MaterialExpressionTextureSampleParameter2D_0, compiling. 
[2020.04.17-18.20.04:847][164]LogMaterial: Display: Missing cached shader map for material FMatExpressionPreview MaterialExpressionTextureSampleParameter2D_0, compiling. 
[2020.04.17-18.20.04:917][164]LogMaterial: Display: Missing cached shader map for material altdev, compiling. 
[2020.04.17-18.20.04:965][164]LogMaterial: Display: Missing cached shader map for material FMatExpressionPreview MaterialExpressionTextureSampleParameter2D_0, compiling. 
[2020.04.17-18.20.05:062][165]LogSlate: Took 0.023874 seconds to synchronously load lazily loaded font '../../../Engine/Content/Slate/Fonts/Roboto-Italic.ttf' (157K)
[2020.04.17-18.20.05:231][175]LogShaderCompilers: Display: Shaders left to compile 20
[2020.04.17-18.20.06:422][247]LogShaderCompilers: Display: Shaders left to compile 10
[2020.04.17-18.20.08:307][358]MaterialEditorStats: Base pass shader: 110 instructions
[2020.04.17-18.20.08:307][358]MaterialEditorStats: Base pass shader with Volumetric Lightmap: 184 instructions
[2020.04.17-18.20.08:307][358]MaterialEditorStats: Base pass vertex shader: 45 instructions
[2020.04.17-18.20.08:307][358]MaterialEditorStats: Texture samplers: 4/16
[2020.04.17-18.20.08:307][358]MaterialEditorStats: Texture Lookups (Est.): VS(0), PS(1)
[2020.04.17-18.20.08:307][358]MaterialEditorStats: User interpolators: 2/4 Scalars (1/4 Vectors) (TexCoords: 2, Custom: 0)
[2020.04.17-18.20.13:733][858]LogMaterialEditor: Applying material altdev
[2020.04.17-18.20.14:380][858]LogMaterial: Display: Missing cached shader map for material altdev, compiling. 
[2020.04.17-18.20.14:432][858]LogShaderCompilers: Display: Shaders left to compile 20
[2020.04.17-18.20.14:444][858]LogMaterial: Display: Missing cached shader map for material altdev, compiling. 
[2020.04.17-18.20.14:464][858]LogMaterial: Display: Missing cached shader map for material altdev, compiling. 
[2020.04.17-18.20.14:515][858]LogUObjectHash: Compacting FUObjectHashTables data took   2.45ms
[2020.04.17-18.20.14:527][858]LogMaterial: Display: Missing cached shader map for material DebugViewMode MaterialTexCoordScale, compiling. 
[2020.04.17-18.20.16:571][858]LogShaderCompilers: Display: Shaders left to compile 40
[2020.04.17-18.20.16:571][858]LogShaderCompilers: Display: Shaders left to compile 30
[2020.04.17-18.20.16:573][858]TextureStreamingBuild: Display: Compiling optional shaders took 2.058 seconds.
[2020.04.17-18.20.16:614][858]LogUObjectHash: Compacting FUObjectHashTables data took   0.62ms
[2020.04.17-18.20.20:477][154]MaterialEditorStats: Base pass shader: 110 instructions
[2020.04.17-18.20.20:477][154]MaterialEditorStats: Base pass shader with Volumetric Lightmap: 184 instructions
[2020.04.17-18.20.20:477][154]MaterialEditorStats: Base pass vertex shader: 45 instructions
[2020.04.17-18.20.20:477][154]MaterialEditorStats: Texture samplers: 4/16
[2020.04.17-18.20.20:477][154]MaterialEditorStats: Texture Lookups (Est.): VS(0), PS(1)
[2020.04.17-18.20.20:477][154]MaterialEditorStats: User interpolators: 2/4 Scalars (1/4 Vectors) (TexCoords: 2, Custom: 0)
[2020.04.17-18.20.33:202][577]LogAssetEditorManager: Opening Asset editor for MaterialInstanceConstant /Game/Art/altdev_Inst.altdev_Inst
[2020.04.17-18.20.47:305][932]LogSlate: FSceneViewport::OnFocusLost() reason 0
[2020.04.17-18.21.11:186][ 28]LogSlate: FSceneViewport::OnFocusLost() reason 0
[2020.04.17-18.21.11:258][ 33]Cmd: OBJ SAVEPACKAGE PACKAGE="/Game/Art/altdev_Inst" FILE="G:/GAM140-3DLevelDesign/RPG_LevelDesign/Content/Art/altdev_Inst.uasset" SILENT=true
[2020.04.17-18.21.11:306][ 33]LogUObjectHash: Compacting FUObjectHashTables data took   1.08ms
[2020.04.17-18.21.11:311][ 33]TextureStreamingBuild: Display: Compiling optional shaders took 0.005 seconds.
[2020.04.17-18.21.11:334][ 33]LogUObjectHash: Compacting FUObjectHashTables data took   0.58ms
[2020.04.17-18.21.11:347][ 33]LogSavePackage: Moving 'G:/GAM140-3DLevelDesign/RPG_LevelDesign/Saved/altdev_Inst77A599074FD2BDAB5185FF863EFA33F2.tmp' to 'G:/GAM140-3DLevelDesign/RPG_LevelDesign/Content/Art/altdev_Inst.uasset'
[2020.04.17-18.21.12:994][184]LogMaterialEditor: Saving and Compiling material altdev
[2020.04.17-18.21.13:019][184]Cmd: OBJ SAVEPACKAGE PACKAGE="/Game/Art/altdev" FILE="G:/GAM140-3DLevelDesign/RPG_LevelDesign/Content/Art/altdev.uasset" SILENT=true
[2020.04.17-18.21.13:038][184]LogSavePackage: Moving 'G:/GAM140-3DLevelDesign/RPG_LevelDesign/Saved/altdevCCBA10F64C107C4FB08A84A796E53F82.tmp' to 'G:/GAM140-3DLevelDesign/RPG_LevelDesign/Content/Art/altdev.uasset'
[2020.04.17-18.21.18:030][593]LogSlate: FSceneViewport::OnFocusLost() reason 0
[2020.04.17-18.21.24:726][363]Cmd: OBJ SAVEPACKAGE PACKAGE="/Game/Art/altdev_Inst" FILE="G:/GAM140-3DLevelDesign/RPG_LevelDesign/Content/Art/altdev_Inst.uasset" SILENT=true
[2020.04.17-18.21.24:741][363]LogSavePackage: Moving 'G:/GAM140-3DLevelDesign/RPG_LevelDesign/Saved/altdev_Inst4A1724054A999998592FCDA7EB94B06D.tmp' to 'G:/GAM140-3DLevelDesign/RPG_LevelDesign/Content/Art/altdev_Inst.uasset'
[2020.04.17-18.21.24:894][363]LogUObjectHash: Compacting FUObjectHashTables data took   0.71ms
[2020.04.17-18.21.31:999][145]LogSlate: FSceneViewport::OnFocusLost() reason 2
[2020.04.17-18.21.36:015][593]LogSlate: FSceneViewport::OnFocusLost() reason 0
[2020.04.17-18.21.37:751][769]LogSlate: FSceneViewport::OnFocusLost() reason 0
[2020.04.17-18.21.40:348][ 35]LogSlate: FSceneViewport::OnFocusLost() reason 0
[2020.04.17-18.21.42:614][266]LogSlate: FSceneViewport::OnFocusLost() reason 0
[2020.04.17-18.21.48:318][821]LogEditorViewport: Clicking on Actor (LMB): BP_Sky_Sphere_C (BP_Sky_Sphere)
[2020.04.17-18.21.54:442][464]LogEditorViewport: Clicking on Actor (LMB): BP_Sky_Sphere_C (BP_Sky_Sphere)
[2020.04.17-18.21.56:036][638]LogSlate: FSceneViewport::OnFocusLost() reason 2
[2020.04.17-18.21.56:043][638]Cmd: OBJ SAVEPACKAGE PACKAGE="/Game/Levels/DS_LB" FILE="G:/GAM140-3DLevelDesign/RPG_LevelDesign/Content/Levels/DS_LB.umap" SILENT=true AUTOSAVING=false KEEPDIRTY=false
[2020.04.17-18.21.56:069][638]LogUObjectHash: Compacting FUObjectHashTables data took   1.15ms
[2020.04.17-18.21.56:179][638]LogSavePackage: Moving 'G:/GAM140-3DLevelDesign/RPG_LevelDesign/Saved/DS_LB2808818D4C2689B50E27938D8AD2BB86.tmp' to 'G:/GAM140-3DLevelDesign/RPG_LevelDesign/Content/Levels/DS_LB.umap'
[2020.04.17-18.21.57:351][752]LogSlate: FSceneViewport::OnFocusLost() reason 0
